#
# There is insufficient memory for the Java Runtime Environment to continue.
# Native memory allocation (mmap) failed to map 100663296 bytes for G1 virtual space
# Possible reasons:
#   The system is out of physical RAM or swap space
#   The process is running with CompressedOops enabled, and the Java Heap may be blocking the growth of the native heap
# Possible solutions:
#   Reduce memory load on the system
#   Increase physical memory or swap space
#   Check if swap backing store is full
#   Decrease Java heap size (-Xmx/-Xms)
#   Decrease number of Java threads
#   Decrease Java thread stack sizes (-Xss)
#   Set larger code cache with -XX:ReservedCodeCacheSize=
#   JVM is running with Unscaled Compressed Oops mode in which the Java heap is
#     placed in the first 4GB address space. The Java Heap base address is the
#     maximum limit for the native heap growth. Please use -XX:HeapBaseMinAddress
#     to set the Java Heap base and to place the Java Heap above 4GB virtual address.
# This output file may be truncated or incomplete.
#
#  Out of Memory Error (os_windows.cpp:3548), pid=3284, tid=14376
#
# JRE version:  (17.0.10+11) (build )
# Java VM: Java HotSpot(TM) 64-Bit Server VM (17.0.10+11-LTS-240, mixed mode, sharing, tiered, compressed oops, compressed class ptrs, g1 gc, windows-amd64)
# No core dump will be written. Minidumps are not enabled by default on client versions of Windows
#

---------------  S U M M A R Y ------------

Command Line: -Dmaven.multiModuleProjectDirectory=C:\Users\Asus\Desktop\VermegApplication -Djansi.passthrough=true -Dmaven.home=C:\Users\Asus\.m2\wrapper\dists\apache-maven-3.9.5-bin\2adeog8mj13csp1uusqnc1f2mo\apache-maven-3.9.5 -Dclassworlds.conf=C:\Users\Asus\.m2\wrapper\dists\apache-maven-3.9.5-bin\2adeog8mj13csp1uusqnc1f2mo\apache-maven-3.9.5\bin\m2.conf -Dmaven.ext.class.path=C:\Program Files\JetBrains\IntelliJ IDEA 2023.3.2\plugins\maven\lib\maven-event-listener.jar -javaagent:C:\Program Files\JetBrains\IntelliJ IDEA 2023.3.2\lib\idea_rt.jar=57147:C:\Program Files\JetBrains\IntelliJ IDEA 2023.3.2\bin -Dfile.encoding=UTF-8 org.codehaus.classworlds.Launcher -Didea.version=2023.3.2 install

Host: AMD Ryzen 5 3500U with Radeon Vega Mobile Gfx  , 8 cores, 5G,  Windows 11 , 64 bit Build 22621 (10.0.22621.3374)
Time: Thu May  2 13:15:01 2024 Paris, Madrid (heure duild 22621 (10.0.22621.3374) elapsed time: 0.060343 seconds (0d 0h 0m 0s)

---------------  T H R E A D  ---------------

Current thread (0x00000237489d3b10):  JavaThread "Unknown thread" [_thread_in_vm, id=14376, stack(0x0000004078500000,0x0000004078600000)]

Stack: [0x0000004078500000,0x0000004078600000]
Native frames: (J=compiled Java code, j=interpreted, Vv=VM code, C=native code)
V  [jvm.dll+0x677a5a]
V  [jvm.dll+0x7d8b2d]
V  [jvm.dll+0x7da48e]
V  [jvm.dll+0x7daaf3]
V  [jvm.dll+0x2455ff]
V  [jvm.dll+0x6749b9]
V  [jvm.dll+0x669382]
V  [jvm.dll+0x302e96]
V  [jvm.dll+0x30a416]
V  [jvm.dll+0x359cbe]
V  [jvm.dll+0x359eef]
V  [jvm.dll+0x2d9e88]
V  [jvm.dll+0x2dadf4]
V  [jvm.dll+0x7aa551]
V  [jvm.dll+0x367911]
V  [jvm.dll+0x789639]
V  [jvm.dll+0x3eb30f]
V  [jvm.dll+0x3ecd91]
C  [jli.dll+0x5297]
C  [ucrtbase.dll+0x29333]
C  [KERNEL32.DLL+0x1257d]
C  [ntdll.dll+0x5aa48]


---------------  P R O C E S S  ---------------

Threads class SMR info:
_java_thread_list=0x00007ffedc136a18, length=0, elements={
}

Java Threads: ( => current thread )

Other Threads:
  0x0000023748a1eea0 GCTaskThread "GC Thread#0" [stack: 0x0000004078600000,0x0000004078700000] [id=23516]
  0x0000023748a2bb80 ConcurrentGCThread "G1 Main Marker" [stack: 0x0000004078700000,0x0000004078800000] [id=31288]
  0x0000023748a2c4a0 ConcurrentGCThread "G1 Conc#0" [stack: 0x0000004078800000,0x0000004078900000] [id=38656]

[error occurred during error reporting (printing all threads), id 0xc0000005, EXCEPTION_ACCESS_VIOLATION (0xc0000005) at pc=0x00007ffedb96aae7]

VM state: not at safepoint (not fully initialized)

VM Mutex/Monitor currently owned by a thread:  ([mutex/lock_event])
[0x00000237489d02d0] Heap_lock - owner thread: 0x00000237489d3b10

Heap address: 0x00000000a0c00000, size: 1524 MB, Compressed Oops mode: 32-bit

CDS archive(s) mapped at: [0x0000000000000000-0x0000000000000000-0x0000000000000000), size 0, SharedBaseAddress: 0x0000000800000000, ArchiveRelocationMode: 1.
Narrow klass base: 0x0000000000000000, Narrow klass shift: 0, Narrow klass range: 0x0

GC Precious Log:
<Empty>

Heap:
 garbage-first heap   total 0K, used 0K [0x00000000a0c00000, 0x0000000100000000)
  region size 1024K, 0 young (0K), 0 survivors (0K)

[error occurred during error reporting (printing heap information), id 0xc0000005, EXCEPTION_ACCESS_VIOLATION (0xc0000005) at pc=0x00007ffedbd51249]

GC Heap History (0 events):
No events

Deoptimization events (0 events):
No events

Classes unloaded (0 events):
No events

Classes redefined (0 events):
No events

Internal exceptions (0 events):
No events

VM Operations (0 events):
No events

Events (1 events):
Event: 0.046 Loaded shared library C:\Program Files\Java\jdk-17\bin\java.dll


Dynamic libraries:
0x00007ff635930000 - 0x00007ff635940000 	C:\Program Files\Java\jdk-17\bin\java.exe
0x00007fff24e10000 - 0x00007fff25026000 	C:\WINDOWS\SYSTEM32\ntdll.dll
0x00007fff23ad0000 - 0x00007fff23b94000 	C:\WINDOWS\System32\KERNEL32.DLL
0x00007fff224a0000 - 0x00007fff22847000 	C:\WINDOWS\System32\KERNELBASE.dll
0x00007fff22850000 - 0x00007fff22961000 	C:\WINDOWS\System32\ucrtbase.dll
0x00007fff078d0000 - 0x00007fff078e9000 	C:\Program Files\Java\jdk-17\bin\jli.dll
0x00007fff08290000 - 0x00007fff082ab000 	C:\Program Files\Java\jdk-17\bin\VCRUNTIME140.dll
0x00007fff23a10000 - 0x00007fff23ac2000 	C:\WINDOWS\System32\ADVAPI32.dll
0x00007fff23430000 - 0x00007fff234d7000 	C:\WINDOWS\System32\msvcrt.dll
0x00007fff23140000 - 0x00007fff231e8000 	C:\WINDOWS\System32\sechost.dll
0x00007fff22130000 - 0x00007fff22158000 	C:\WINDOWS\System32\bcrypt.dll
0x00007fff240a0000 - 0x00007fff241b5000 	C:\WINDOWS\System32\RPCRT4.dll
0x00007fff22f40000 - 0x00007fff230ee000 	C:\WINDOWS\System32\USER32.dll
0x00007fff229f0000 - 0x00007fff22a16000 	C:\WINDOWS\System32\win32u.dll
0x00007fff230f0000 - 0x00007fff23119000 	C:\WINDOWS\System32\GDI32.dll
0x00007fff22a20000 - 0x00007fff22b39000 	C:\WINDOWS\System32\gdi32full.dll
0x00007fff22340000 - 0x00007fff223da000 	C:\WINDOWS\System32\msvcp_win.dll
0x00007fff0dc20000 - 0x00007fff0deb3000 	C:\WINDOWS\WinSxS\amd64_microsoft.windows.common-controls_6595b64144ccf1df_6.0.22621.3235_none_270f74e173860f98\COMCTL32.dll
0x00007fff1b6b0000 - 0x00007fff1b6ba000 	C:\WINDOWS\SYSTEM32\VERSION.dll
0x00007fff22c80000 - 0x00007fff22cb1000 	C:\WINDOWS\System32\IMM32.DLL
0x00007fff1da50000 - 0x00007fff1da5c000 	C:\Program Files\Java\jdk-17\bin\vcruntime140_1.dll
0x00007ffee6d20000 - 0x00007ffee6dae000 	C:\Program Files\Java\jdk-17\bin\msvcp140.dll
0x00007ffedb680000 - 0x00007ffedc25f000 	C:\Program Files\Java\jdk-17\bin\server\jvm.dll
0x00007fff22b40000 - 0x00007fff22b48000 	C:\WINDOWS\System32\PSAPI.DLL
0x00007fff070a0000 - 0x00007fff070a9000 	C:\WINDOWS\SYSTEM32\WSOCK32.dll
0x00007fff1bc50000 - 0x00007fff1bc84000 	C:\WINDOWS\SYSTEM32\WINMM.dll
0x00007fff22b50000 - 0x00007fff22bc1000 	C:\WINDOWS\System32\WS2_32.dll
0x00007fff21170000 - 0x00007fff21188000 	C:\WINDOWS\SYSTEM32\kernel.appcore.dll
0x00007fff1b920000 - 0x00007fff1b92a000 	C:\Program Files\Java\jdk-17\bin\jimage.dll
0x00007fff198d0000 - 0x00007fff19b03000 	C:\WINDOWS\SYSTEM32\DBGHELP.DLL
0x00007fff241c0000 - 0x00007fff24548000 	C:\WINDOWS\System32\combase.dll
0x00007fff236e0000 - 0x00007fff237b7000 	C:\WINDOWS\System32\OLEAUT32.dll
0x00007fff0b580000 - 0x00007fff0b5b2000 	C:\WINDOWS\SYSTEM32\dbgcore.DLL
0x00007fff22970000 - 0x00007fff229e9000 	C:\WINDOWS\System32\bcryptPrimitives.dll
0x00007fff1cdb0000 - 0x00007fff1cdbe000 	C:\Program Files\Java\jdk-17\bin\instrument.dll
0x00007fff01cc0000 - 0x00007fff01ce5000 	C:\Program Files\Java\jdk-17\bin\java.dll

dbghelp: loaded successfully - version: 4.0.5 - missing functions: none
symbol engine: initialized successfully - sym options: 0x614 - pdb path: .;C:\Program Files\Java\jdk-17\bin;C:\WINDOWS\SYSTEM32;C:\WINDOWS\WinSxS\amd64_microsoft.windows.common-controls_6595b64144ccf1df_6.0.22621.3235_none_270f74e173860f98;C:\Program Files\Java\jdk-17\bin\server

VM Arguments:
jvm_args: -Dmaven.multiModuleProjectDirectory=C:\Users\Asus\Desktop\VermegApplication -Djansi.passthrough=true -Dmaven.home=C:\Users\Asus\.m2\wrapper\dists\apache-maven-3.9.5-bin\2adeog8mj13csp1uusqnc1f2mo\apache-maven-3.9.5 -Dclassworlds.conf=C:\Users\Asus\.m2\wrapper\dists\apache-maven-3.9.5-bin\2adeog8mj13csp1uusqnc1f2mo\apache-maven-3.9.5\bin\m2.conf -Dmaven.ext.class.path=C:\Program Files\JetBrains\IntelliJ IDEA 2023.3.2\plugins\maven\lib\maven-event-listener.jar -javaagent:C:\Program Files\JetBrains\IntelliJ IDEA 2023.3.2\lib\idea_rt.jar=57147:C:\Program Files\JetBrains\IntelliJ IDEA 2023.3.2\bin -Dfile.encoding=UTF-8 
java_command: org.codehaus.classworlds.Launcher -Didea.version=2023.3.2 install
java_class_path (initial): C:\Users\Asus\.m2\wrapper\dists\apache-maven-3.9.5-bin\2adeog8mj13csp1uusqnc1f2mo\apache-maven-3.9.5\boot\plexus-classworlds-2.7.0.jar;C:\Users\Asus\.m2\wrapper\dists\apache-maven-3.9.5-bin\2adeog8mj13csp1uusqnc1f2mo\apache-maven-3.9.5\boot\plexus-classworlds.license
Launcher Type: SUN_STANDARD

[Global flags]
     intx CICompilerCount                          = 4                                         {product} {ergonomic}
     uint ConcGCThreads                            = 2                                         {product} {ergonomic}
     uint G1ConcRefinementThreads                  = 8                                         {product} {ergonomic}
   size_t G1HeapRegionSize                         = 1048576                                   {product} {ergonomic}
    uintx GCDrainStackTargetSize                   = 64                                        {product} {ergonomic}
   size_t InitialHeapSize                          = 100663296                                 {product} {ergonomic}
   size_t MarkStackSize                            = 4194304                                   {product} {ergonomic}
   size_t MaxHeapSize                              = 1598029824                                {product} {ergonomic}
   size_t MinHeapDeltaBytes                        = 1048576                                   {product} {ergonomic}
   size_t MinHeapSize                              = 8388608                                   {product} {ergonomic}
    uintx NonNMethodCodeHeapSize                   = 5839372                                {pd product} {ergonomic}
    uintx NonProfiledCodeHeapSize                  = 122909434                              {pd product} {ergonomic}
    uintx ProfiledCodeHeapSize                     = 122909434                              {pd product} {ergonomic}
    uintx ReservedCodeCacheSize                    = 251658240                              {pd product} {ergonomic}
     bool SegmentedCodeCache                       = true                                      {product} {ergonomic}
   size_t SoftMaxHeapSize                          = 1598029824                             {manageable} {ergonomic}
     bool UseCompressedClassPointers               = true                           {product lp64_product} {ergonomic}
     bool UseCompressedOops                        = true                           {product lp64_product} {ergonomic}
     bool UseG1GC                                  = true                                      {product} {ergonomic}
     bool UseLargePagesIndividualAllocation        = false                                  {pd product} {ergonomic}

Logging:
Log output configuration:
 #0: stdout all=warning uptime,level,tags
 #1: stderr all=off uptime,level,tags

Environment Variables:
PATH=C:\Python312\Scripts\;C:\Python312\;C:\Program Files\Common Files\Oracle\Java\javapath;C:\Program Files (x86)\Common Files\Oracle\Java\javapath;C:\Windows\system32;C:\Windows;C:\Windows\System32\Wbem;C:\Windows\System32\WindowsPowerShell\v1.0\;C:\Windows\System32\OpenSSH\;C:\Program Files (x86)\NVIDIA Corporation\PhysX\Common;C:\WINDOWS\system32;C:\WINDOWS;C:\WINDOWS\System32\Wbem;C:\WINDOWS\System32\WindowsPowerShell\v1.0\;C:\WINDOWS\System32\OpenSSH\;C:\Program Files\dotnet\;C:\Program Files\Git\cmd;C:\Program Files\nodejs\;C:\ProgramData\chocolatey\bin\choco.exe\bin;C:\Users\Asus\AppData\Local\Programs\Python\Python37\Scripts\;C:\Users\Asus\AppData\Local\Programs\Python\Python37\;C:\Users\Asus\AppData\Local\Microsoft\WindowsApps;C:\Users\Asus\AppData\Local\Programs\Microsoft VS Code\bin;C:\Users\Asus\.dotnet\tools;C:\Program Files\Elastic\Beats\8.12.2;C:\Program Files\JetBrains\IntelliJ IDEA 2023.3.2\bin;;C:\Users\Asus\AppData\Roaming\npm;C:\Users\Asus\Desktop\elk\logstash-8.12.2-windows-x86_64\logstash-8.12.2\bin;C:\Users\Asus\Desktop\elk\logstash-8.12.2;
USERNAME=Asus
OS=Windows_NT
PROCESSOR_IDENTIFIER=AMD64 Family 23 Model 24 Stepping 1, AuthenticAMD



---------------  S Y S T E M  ---------------

OS:
 Windows 11 , 64 bit Build 22621 (10.0.22621.3374)
OS uptime: 4 days 2:26 hours

CPU: total 8 (initial active 8) (8 cores per cpu, 2 threads per core) family 23 model 24 stepping 1 microcode 0x0, cx8, cmov, fxsr, ht, mmx, 3dnowpref, sse, sse2, sse3, ssse3, sse4a, sse4.1, sse4.2, popcnt, lzcnt, tsc, tscinvbit, avx, avx2, aes, clmul, bmi1, bmi2, adx, sha, fma, vzeroupper, clflush, clflushopt

Memory: 4k page, system-wide physical 6091M (485M free)
TotalPageFile size 14283M (AvailPageFile size 30M)
current process WorkingSet (physical memory assigned to process): 11M, peak: 11M
current process commit charge ("private bytes"): 60M, peak: 156M

vm_info: Java HotSpot(TM) 64-Bit Server VM (17.0.10+11-LTS-240) for windows-amd64 JRE (17.0.10+11-LTS-240), built on Dec 19 2023 21:47:25 by "mach5one" with MS VC++ 17.1 (VS2022)

END.
