#
# There is insufficient memory for the Java Runtime Environment to continue.
# Native memory allocation (mmap) failed to map 5242880 bytes. Error detail: G1 virtual space
# Possible reasons:
#   The system is out of physical RAM or swap space
#   This process is running with CompressedOops enabled, and the Java Heap may be blocking the growth of the native heap
# Possible solutions:
#   Reduce memory load on the system
#   Increase physical memory or swap space
#   Check if swap backing store is full
#   Decrease Java heap size (-Xmx/-Xms)
#   Decrease number of Java threads
#   Decrease Java thread stack sizes (-Xss)
#   Set larger code cache with -XX:ReservedCodeCacheSize=
#   JVM is running with Unscaled Compressed Oops mode in which the Java heap is
#     placed in the first 4GB address space. The Java Heap base address is the
#     maximum limit for the native heap growth. Please use -XX:HeapBaseMinAddress
#     to set the Java Heap base and to place the Java Heap above 4GB virtual address.
# This output file may be truncated or incomplete.
#
#  Out of Memory Error (os_windows.cpp:3631), pid=65272, tid=61036
#
# JRE version: Java(TM) SE Runtime Environment (22.0+36) (build 22+36-2370)
# Java VM: Java HotSpot(TM) 64-Bit Server VM (22+36-2370, mixed mode, emulated-client, sharing, tiered, compressed oops, compressed class ptrs, g1 gc, windows-amd64)
# No core dump will be written. Minidumps are not enabled by default on client versions of Windows
#

---------------  S U M M A R Y ------------

Command Line: -XX:TieredStopAtLevel=1 -Dspring.output.ansi.enabled=always -Dcom.sun.management.jmxremote -Dspring.jmx.enabled=true -Dspring.liveBeansView.mbeanDomain -Dspring.application.admin.enabled=true -Dmanagement.endpoints.jmx.exposure.include=* -javaagent:C:\Program Files\JetBrains\IntelliJ IDEA 2023.3.2\lib\idea_rt.jar=52637:C:\Program Files\JetBrains\IntelliJ IDEA 2023.3.2\bin -Dfile.encoding=UTF-8 -Dsun.stdout.encoding=UTF-8 -Dsun.stderr.encoding=UTF-8 tn.vermeg.vermegapplication.VermegApplication

Host: AMD Ryzen 5 3500U with Radeon Vega Mobile Gfx  , 8 cores, 5G,  Windows 11 , 64 bit Build 22621 (10.0.22621.3374)
Time: Fri May 10 21:58:18 2024 Paris, Madrid (heure duild 22621 (10.0.22621.3374) elapsed time: 13.694589 seconds (0d 0h 0m 13s)

---------------  T H R E A D  ---------------

Current thread (0x000001d14793bf80):  VMThread "VM Thread"          [id=61036, stack(0x00000003f5900000,0x00000003f5a00000) (1024K)]

Stack: [0x00000003f5900000,0x00000003f5a00000]
Native frames: (J=compiled Java code, j=interpreted, Vv=VM code, C=native code)
V  [jvm.dll+0x6e2349]  (no source info available)
V  [jvm.dll+0x874ed3]  (no source info available)
V  [jvm.dll+0x8772fe]  (no source info available)
V  [jvm.dll+0x8779d3]  (no source info available)
V  [jvm.dll+0x27fcb6]  (no source info available)
V  [jvm.dll+0x6de9e5]  (no source info available)
V  [jvm.dll+0x6d34ea]  (no source info available)
V  [jvm.dll+0x35892a]  (no source info available)
V  [jvm.dll+0x360e56]  (no source info available)
V  [jvm.dll+0x3b3d7e]  (no source info available)
V  [jvm.dll+0x3b4028]  (no source info available)
V  [jvm.dll+0x32c4ec]  (no source info available)
V  [jvm.dll+0x32c577]  (no source info available)
V  [jvm.dll+0x3721ec]  (no source info available)
V  [jvm.dll+0x3708e6]  (no source info available)
V  [jvm.dll+0x32bbd7]  (no source info available)
V  [jvm.dll+0x3700a4]  (no source info available)
V  [jvm.dll+0x87d870]  (no source info available)
V  [jvm.dll+0x87ebf7]  (no source info available)
V  [jvm.dll+0x87f170]  (no source info available)
V  [jvm.dll+0x87f413]  (no source info available)
V  [jvm.dll+0x81d50b]  (no source info available)
V  [jvm.dll+0x6e09e5]  (no source info available)
C  [ucrtbase.dll+0x29333]  (no source info available)
C  [KERNEL32.DLL+0x1257d]  (no source info available)
C  [ntdll.dll+0x5aa48]  (no source info available)

VM_Operation (0x00000003f52fbb90): G1CollectForAllocation, mode: safepoint, requested by thread 0x000001d135aec450


---------------  P R O C E S S  ---------------

Threads class SMR info:
_java_thread_list=0x000001d18e50eb90, length=14, elements={
0x000001d135aec450, 0x000001d147957d90, 0x000001d147959450, 0x000001d14795c1b0,
0x000001d147960200, 0x000001d147960c60, 0x000001d1479626d0, 0x000001d147963130,
0x000001d147925210, 0x000001d1479ccab0, 0x000001d147efa410, 0x000001d147efcd30,
0x000001d18d259340, 0x000001d18e772670
}

Java Threads: ( => current thread )
  0x000001d135aec450 JavaThread "main"                              [_thread_blocked, id=63808, stack(0x00000003f5200000,0x00000003f5300000) (1024K)]
  0x000001d147957d90 JavaThread "Reference Handler"          daemon [_thread_blocked, id=58972, stack(0x00000003f5a00000,0x00000003f5b00000) (1024K)]
  0x000001d147959450 JavaThread "Finalizer"                  daemon [_thread_blocked, id=60824, stack(0x00000003f5b00000,0x00000003f5c00000) (1024K)]
  0x000001d14795c1b0 JavaThread "Signal Dispatcher"          daemon [_thread_blocked, id=49640, stack(0x00000003f5c00000,0x00000003f5d00000) (1024K)]
  0x000001d147960200 JavaThread "Attach Listener"            daemon [_thread_blocked, id=57140, stack(0x00000003f5d00000,0x00000003f5e00000) (1024K)]
  0x000001d147960c60 JavaThread "Service Thread"             daemon [_thread_blocked, id=62252, stack(0x00000003f5e00000,0x00000003f5f00000) (1024K)]
  0x000001d1479626d0 JavaThread "Monitor Deflation Thread"   daemon [_thread_blocked, id=61184, stack(0x00000003f5f00000,0x00000003f6000000) (1024K)]
  0x000001d147963130 JavaThread "C1 CompilerThread0"         daemon [_thread_blocked, id=60168, stack(0x00000003f6000000,0x00000003f6100000) (1024K)]
  0x000001d147925210 JavaThread "Common-Cleaner"             daemon [_thread_blocked, id=59584, stack(0x00000003f6100000,0x00000003f6200000) (1024K)]
  0x000001d1479ccab0 JavaThread "C1 CompilerThread1"         daemon [_thread_blocked, id=59572, stack(0x00000003f6200000,0x00000003f6300000) (1024K)]
  0x000001d147efa410 JavaThread "Monitor Ctrl-Break"         daemon [_thread_in_native, id=63660, stack(0x00000003f6300000,0x00000003f6400000) (1024K)]
  0x000001d147efcd30 JavaThread "Notification Thread"        daemon [_thread_blocked, id=45316, stack(0x00000003f6400000,0x00000003f6500000) (1024K)]
  0x000001d18d259340 JavaThread "RMI TCP Accept-0"           daemon [_thread_in_native, id=45964, stack(0x00000003f6500000,0x00000003f6600000) (1024K)]
  0x000001d18e772670 JavaThread "mysql-cj-abandoned-connection-cleanup" daemon [_thread_blocked, id=64588, stack(0x00000003f7100000,0x00000003f7200000) (1024K)]
Total: 14

Other Threads:
=>0x000001d14793bf80 VMThread "VM Thread"                           [id=61036, stack(0x00000003f5900000,0x00000003f5a00000) (1024K)]
  0x000001d147922bf0 WatcherThread "VM Periodic Task Thread"        [id=44980, stack(0x00000003f5800000,0x00000003f5900000) (1024K)]
  0x000001d137d772a0 WorkerThread "GC Thread#0"                     [id=65424, stack(0x00000003f5300000,0x00000003f5400000) (1024K)]
  0x000001d18d66ed10 WorkerThread "GC Thread#1"                     [id=65064, stack(0x00000003f6600000,0x00000003f6700000) (1024K)]
  0x000001d18d6f2980 WorkerThread "GC Thread#2"                     [id=65264, stack(0x00000003f6700000,0x00000003f6800000) (1024K)]
  0x000001d18d6e8420 WorkerThread "GC Thread#3"                     [id=50216, stack(0x00000003f6800000,0x00000003f6900000) (1024K)]
  0x000001d18d6f3d40 WorkerThread "GC Thread#4"                     [id=55156, stack(0x00000003f6900000,0x00000003f6a00000) (1024K)]
  0x000001d18d6f40f0 WorkerThread "GC Thread#5"                     [id=62776, stack(0x00000003f6a00000,0x00000003f6b00000) (1024K)]
  0x000001d18d6f4920 WorkerThread "GC Thread#6"                     [id=57356, stack(0x00000003f6b00000,0x00000003f6c00000) (1024K)]
  0x000001d18d6f90f0 WorkerThread "GC Thread#7"                     [id=59460, stack(0x00000003f6c00000,0x00000003f6d00000) (1024K)]
  0x000001d135bacf10 ConcurrentGCThread "G1 Main Marker"            [id=62388, stack(0x00000003f5400000,0x00000003f5500000) (1024K)]
  0x000001d135bada20 WorkerThread "G1 Conc#0"                       [id=58920, stack(0x00000003f5500000,0x00000003f5600000) (1024K)]
  0x000001d18df99350 WorkerThread "G1 Conc#1"                       [id=50900, stack(0x00000003f6d00000,0x00000003f6e00000) (1024K)]
  0x000001d137dde2a0 ConcurrentGCThread "G1 Refine#0"               [id=54856, stack(0x00000003f5600000,0x00000003f5700000) (1024K)]
  0x000001d1477f60e0 ConcurrentGCThread "G1 Service"                [id=40416, stack(0x00000003f5700000,0x00000003f5800000) (1024K)]
Total: 15

Threads with active compile tasks:
Total: 0

VM state: at safepoint (normal execution)

VM Mutex/Monitor currently owned by a thread:  ([mutex/lock_event])
[0x00007ffdb697cbc8] Threads_lock - owner thread: 0x000001d14793bf80
[0x00007ffdb697ccc8] Heap_lock - owner thread: 0x000001d135aec450

Heap address: 0x00000000a0c00000, size: 1524 MB, Compressed Oops mode: 32-bit

CDS archive(s) mapped at: [0x000001d148000000-0x000001d148c60000-0x000001d148c60000), size 12976128, SharedBaseAddress: 0x000001d148000000, ArchiveRelocationMode: 1.
Compressed class space mapped at: 0x000001d149000000-0x000001d189000000, reserved size: 1073741824
Narrow klass base: 0x000001d148000000, Narrow klass shift: 0, Narrow klass range: 0x41000000

GC Precious Log:
 CardTable entry size: 512
 Card Set container configuration: InlinePtr #cards 5 size 8 Array Of Cards #cards 12 size 40 Howl #buckets 4 coarsen threshold 1843 Howl Bitmap #cards 512 size 80 coarsen threshold 460 Card regions per heap region 1 cards per card region 2048
 CPUs: 8 total, 8 available
 Memory: 6091M
 Large Page Support: Disabled
 NUMA Support: Disabled
 Compressed Oops: Enabled (32-bit)
 Heap Region Size: 1M
 Heap Min Capacity: 8M
 Heap Initial Capacity: 96M
 Heap Max Capacity: 1524M
 Pre-touch: Disabled
 Parallel Workers: 8
 Concurrent Workers: 2
 Concurrent Refinement Workers: 8
 Periodic GC: Disabled

Heap:
 garbage-first heap   total reserved 1560576K, committed 51200K, used 29657K [0x00000000a0c00000, 0x0000000100000000)
  region size 1024K, 2 young (2048K), 2 survivors (2048K)
 Metaspace       used 58466K, committed 59200K, reserved 1114112K
  class space    used 8517K, committed 8832K, reserved 1048576K

Heap Regions: E=young(eden), S=young(survivor), O=old, HS=humongous(starts), HC=humongous(continues), CS=collection set, F=free, TAMS=top-at-mark-start, PB=parsable bottom
|   0|0x00000000a0c00000, 0x00000000a0d00000, 0x00000000a0d00000|100%|HS|  |TAMS 0x00000000a0c00000| PB 0x00000000a0c00000| Complete |  0
|   1|0x00000000a0d00000, 0x00000000a0e00000, 0x00000000a0e00000|100%| O|  |TAMS 0x00000000a0d00000| PB 0x00000000a0d00000| Untracked |  0
|   2|0x00000000a0e00000, 0x00000000a0f00000, 0x00000000a0f00000|100%| O|  |TAMS 0x00000000a0e00000| PB 0x00000000a0e00000| Untracked |  0
|   3|0x00000000a0f00000, 0x00000000a1000000, 0x00000000a1000000|100%| O|  |TAMS 0x00000000a0f00000| PB 0x00000000a0f00000| Untracked |  0
|   4|0x00000000a1000000, 0x00000000a1100000, 0x00000000a1100000|100%| O|  |TAMS 0x00000000a1000000| PB 0x00000000a1000000| Untracked |  0
|   5|0x00000000a1100000, 0x00000000a1200000, 0x00000000a1200000|100%| O|  |TAMS 0x00000000a1100000| PB 0x00000000a1100000| Untracked |  0
|   6|0x00000000a1200000, 0x00000000a1300000, 0x00000000a1300000|100%| O|  |TAMS 0x00000000a1200000| PB 0x00000000a1200000| Untracked |  0
|   7|0x00000000a1300000, 0x00000000a1400000, 0x00000000a1400000|100%| O|  |TAMS 0x00000000a1300000| PB 0x00000000a1300000| Untracked |  0
|   8|0x00000000a1400000, 0x00000000a1500000, 0x00000000a1500000|100%| O|  |TAMS 0x00000000a1400000| PB 0x00000000a1400000| Untracked |  0
|   9|0x00000000a1500000, 0x00000000a1600000, 0x00000000a1600000|100%| O|  |TAMS 0x00000000a1500000| PB 0x00000000a1500000| Untracked |  0
|  10|0x00000000a1600000, 0x00000000a1700000, 0x00000000a1700000|100%| O|  |TAMS 0x00000000a1600000| PB 0x00000000a1600000| Untracked |  0
|  11|0x00000000a1700000, 0x00000000a1800000, 0x00000000a1800000|100%| O|  |TAMS 0x00000000a1700000| PB 0x00000000a1700000| Untracked |  0
|  12|0x00000000a1800000, 0x00000000a1900000, 0x00000000a1900000|100%| O|  |TAMS 0x00000000a1800000| PB 0x00000000a1800000| Untracked |  0
|  13|0x00000000a1900000, 0x00000000a1a00000, 0x00000000a1a00000|100%| O|  |TAMS 0x00000000a1900000| PB 0x00000000a1900000| Untracked |  0
|  14|0x00000000a1a00000, 0x00000000a1b00000, 0x00000000a1b00000|100%| O|  |TAMS 0x00000000a1a00000| PB 0x00000000a1a00000| Untracked |  0
|  15|0x00000000a1b00000, 0x00000000a1c00000, 0x00000000a1c00000|100%| O|  |TAMS 0x00000000a1b00000| PB 0x00000000a1b00000| Untracked |  0
|  16|0x00000000a1c00000, 0x00000000a1d00000, 0x00000000a1d00000|100%| O|  |TAMS 0x00000000a1c00000| PB 0x00000000a1c00000| Untracked |  0
|  17|0x00000000a1d00000, 0x00000000a1e00000, 0x00000000a1e00000|100%| O|Cm|TAMS 0x00000000a1d00000| PB 0x00000000a1d00000| Complete |  0
|  18|0x00000000a1e00000, 0x00000000a1f00000, 0x00000000a1f00000|100%| O|  |TAMS 0x00000000a1e00000| PB 0x00000000a1e00000| Untracked |  0
|  19|0x00000000a1f00000, 0x00000000a2000000, 0x00000000a2000000|100%| O|  |TAMS 0x00000000a1f00000| PB 0x00000000a1f00000| Untracked |  0
|  20|0x00000000a2000000, 0x00000000a2100000, 0x00000000a2100000|100%| O|  |TAMS 0x00000000a2000000| PB 0x00000000a2000000| Untracked |  0
|  21|0x00000000a2100000, 0x00000000a2200000, 0x00000000a2200000|100%| O|  |TAMS 0x00000000a2100000| PB 0x00000000a2100000| Untracked |  0
|  22|0x00000000a2200000, 0x00000000a2300000, 0x00000000a2300000|100%| O|  |TAMS 0x00000000a2200000| PB 0x00000000a2200000| Untracked |  0
|  23|0x00000000a2300000, 0x00000000a2400000, 0x00000000a2400000|100%| O|  |TAMS 0x00000000a2300000| PB 0x00000000a2300000| Untracked |  0
|  24|0x00000000a2400000, 0x00000000a2500000, 0x00000000a2500000|100%| O|  |TAMS 0x00000000a2400000| PB 0x00000000a2400000| Untracked |  0
|  25|0x00000000a2500000, 0x00000000a2600000, 0x00000000a2600000|100%| O|  |TAMS 0x00000000a2500000| PB 0x00000000a2500000| Untracked |  0
|  26|0x00000000a2600000, 0x00000000a26fc018, 0x00000000a2700000| 98%| O|  |TAMS 0x00000000a2600000| PB 0x00000000a2600000| Untracked |  0
|  27|0x00000000a2700000, 0x00000000a2700000, 0x00000000a2800000|  0%| F|  |TAMS 0x00000000a2700000| PB 0x00000000a2700000| Untracked |  0
|  28|0x00000000a2800000, 0x00000000a2800000, 0x00000000a2900000|  0%| F|  |TAMS 0x00000000a2800000| PB 0x00000000a2800000| Untracked |  0
|  29|0x00000000a2900000, 0x00000000a2900000, 0x00000000a2a00000|  0%| F|  |TAMS 0x00000000a2900000| PB 0x00000000a2900000| Untracked |  0
|  30|0x00000000a2a00000, 0x00000000a2a00000, 0x00000000a2b00000|  0%| F|  |TAMS 0x00000000a2a00000| PB 0x00000000a2a00000| Untracked |  0
|  31|0x00000000a2b00000, 0x00000000a2b00000, 0x00000000a2c00000|  0%| F|  |TAMS 0x00000000a2b00000| PB 0x00000000a2b00000| Untracked |  0
|  32|0x00000000a2c00000, 0x00000000a2cfa6f8, 0x00000000a2d00000| 97%| S|CS|TAMS 0x00000000a2c00000| PB 0x00000000a2c00000| Complete |  0
|  33|0x00000000a2d00000, 0x00000000a2e00000, 0x00000000a2e00000|100%| S|CS|TAMS 0x00000000a2d00000| PB 0x00000000a2d00000| Complete |  0
|  34|0x00000000a2e00000, 0x00000000a2e00000, 0x00000000a2f00000|  0%| F|  |TAMS 0x00000000a2e00000| PB 0x00000000a2e00000| Untracked |  0
|  35|0x00000000a2f00000, 0x00000000a2f00000, 0x00000000a3000000|  0%| F|  |TAMS 0x00000000a2f00000| PB 0x00000000a2f00000| Untracked |  0
|  36|0x00000000a3000000, 0x00000000a3000000, 0x00000000a3100000|  0%| F|  |TAMS 0x00000000a3000000| PB 0x00000000a3000000| Untracked |  0
|  37|0x00000000a3100000, 0x00000000a3100000, 0x00000000a3200000|  0%| F|  |TAMS 0x00000000a3100000| PB 0x00000000a3100000| Untracked |  0
|  38|0x00000000a3200000, 0x00000000a3200000, 0x00000000a3300000|  0%| F|  |TAMS 0x00000000a3200000| PB 0x00000000a3200000| Untracked |  0
|  39|0x00000000a3300000, 0x00000000a3300000, 0x00000000a3400000|  0%| F|  |TAMS 0x00000000a3300000| PB 0x00000000a3300000| Untracked |  0
|  40|0x00000000a3400000, 0x00000000a3400000, 0x00000000a3500000|  0%| F|  |TAMS 0x00000000a3400000| PB 0x00000000a3400000| Untracked |  0
|  41|0x00000000a3500000, 0x00000000a3500000, 0x00000000a3600000|  0%| F|  |TAMS 0x00000000a3500000| PB 0x00000000a3500000| Untracked |  0
|  47|0x00000000a3b00000, 0x00000000a3b00000, 0x00000000a3c00000|  0%| F|  |TAMS 0x00000000a3b00000| PB 0x00000000a3b00000| Untracked |  0
|  48|0x00000000a3c00000, 0x00000000a3c00000, 0x00000000a3d00000|  0%| F|  |TAMS 0x00000000a3c00000| PB 0x00000000a3c00000| Untracked |  0
|  49|0x00000000a3d00000, 0x00000000a3d00000, 0x00000000a3e00000|  0%| F|  |TAMS 0x00000000a3d00000| PB 0x00000000a3d00000| Untracked |  0
|  50|0x00000000a3e00000, 0x00000000a3e00000, 0x00000000a3f00000|  0%| F|  |TAMS 0x00000000a3e00000| PB 0x00000000a3e00000| Untracked |  0
|  51|0x00000000a3f00000, 0x00000000a3f00000, 0x00000000a4000000|  0%| F|  |TAMS 0x00000000a3f00000| PB 0x00000000a3f00000| Untracked |  0
|  52|0x00000000a4000000, 0x00000000a4000000, 0x00000000a4100000|  0%| F|  |TAMS 0x00000000a4000000| PB 0x00000000a4000000| Untracked |  0
|  53|0x00000000a4100000, 0x00000000a4100000, 0x00000000a4200000|  0%| F|  |TAMS 0x00000000a4100000| PB 0x00000000a4100000| Untracked |  0
|  95|0x00000000a6b00000, 0x00000000a6b00000, 0x00000000a6c00000|  0%| F|  |TAMS 0x00000000a6b00000| PB 0x00000000a6b00000| Untracked |  0

Card table byte_map: [0x000001d143470000,0x000001d143770000] _byte_map_base: 0x000001d142f6a000

Marking Bits: (CMBitMap*) 0x000001d137d779b0
 Bits: [0x000001d143770000, 0x000001d144f40000)

Polling page: 0x000001d135aa0000

Metaspace:

Usage:
  Non-class:     48.78 MB used.
      Class:      8.32 MB used.
       Both:     57.10 MB used.

Virtual space:
  Non-class space:       64.00 MB reserved,      49.19 MB ( 77%) committed,  1 nodes.
      Class space:        1.00 GB reserved,       8.62 MB ( <1%) committed,  1 nodes.
             Both:        1.06 GB reserved,      57.81 MB (  5%) committed. 

Chunk freelists:
   Non-Class:  14.42 MB
       Class:  7.39 MB
        Both:  21.81 MB

MaxMetaspaceSize: unlimited
CompressedClassSpaceSize: 1.00 GB
Initial GC threshold: 21.00 MB
Current GC threshold: 93.75 MB
CDS: on
 - commit_granule_bytes: 65536.
 - commit_granule_words: 8192.
 - virtual_space_node_default_size: 8388608.
 - enlarge_chunks_in_place: 1.
 - use_allocation_guard: 0.


Internal statistics:

num_allocs_failed_limit: 6.
num_arena_births: 940.
num_arena_deaths: 0.
num_vsnodes_births: 2.
num_vsnodes_deaths: 0.
num_space_committed: 925.
num_space_uncommitted: 0.
num_chunks_returned_to_freelist: 6.
num_chunks_taken_from_freelist: 2989.
num_chunk_merges: 6.
num_chunk_splits: 2169.
num_chunks_enlarged: 1716.
num_inconsistent_stats: 0.

CodeCache: size=49152Kb used=9760Kb max_used=9760Kb free=39391Kb
 bounds [0x000001d140060000, 0x000001d1409f0000, 0x000001d143060000]
 total_blobs=5768 nmethods=5081 adapters=609
 compilation: enabled
              stopped_count=0, restarted_count=0
 full_count=0

Compilation events (20 events):
Event: 13.671 Thread 0x000001d1479ccab0 5146       1       java.util.TreeMap::forEach (58 bytes)
Event: 13.671 Thread 0x000001d1479ccab0 nmethod 5146 0x000001d1409e3410 code [0x000001d1409e35e0, 0x000001d1409e38d8]
Event: 13.672 Thread 0x000001d147963130 5147       1       org.springframework.boot.autoconfigure.condition.ConditionEvaluationReport$$Lambda/0x000001d149896ec8::accept (16 bytes)
Event: 13.672 Thread 0x000001d1479ccab0 5149       1       org.springframework.boot.autoconfigure.condition.ConditionEvaluationReport$ConditionAndOutcomes::isFullMatch (41 bytes)
Event: 13.673 Thread 0x000001d1479ccab0 nmethod 5149 0x000001d1409e3b10 code [0x000001d1409e3d00, 0x000001d1409e40d8]
Event: 13.673 Thread 0x000001d1479ccab0 5148       1       org.springframework.boot.autoconfigure.condition.ConditionEvaluationReport::lambda$getConditionAndOutcomesBySource$1 (13 bytes)
Event: 13.673 Thread 0x000001d147963130 nmethod 5147 0x000001d1409e4310 code [0x000001d1409e4580, 0x000001d1409e4c48]
Event: 13.673 Thread 0x000001d147963130 5154       1       org.springframework.boot.ansi.AnsiOutput::buildEnabled (127 bytes)
Event: 13.674 Thread 0x000001d147963130 nmethod 5154 0x000001d1409e5110 code [0x000001d1409e5320, 0x000001d1409e56d0]
Event: 13.674 Thread 0x000001d147963130 5155       1       ch.qos.logback.core.pattern.CompositeConverter::convert (43 bytes)
Event: 13.674 Thread 0x000001d1479ccab0 nmethod 5148 0x000001d1409e5a10 code [0x000001d1409e5c80, 0x000001d1409e62c0]
Event: 13.674 Thread 0x000001d1479ccab0 5150       1       org.springframework.boot.autoconfigure.condition.ConditionEvaluationReport$ConditionAndOutcomes::iterator (13 bytes)
Event: 13.675 Thread 0x000001d147963130 nmethod 5155 0x000001d1409e6790 code [0x000001d1409e6960, 0x000001d1409e6c58]
Event: 13.675 Thread 0x000001d1479ccab0 nmethod 5150 0x000001d1409e6e10 code [0x000001d1409e6fe0, 0x000001d1409e7288]
Event: 13.675 Thread 0x000001d147963130 5151       1       ch.qos.logback.core.pattern.DynamicConverter::getFirstOption (35 bytes)
Event: 13.675 Thread 0x000001d1479ccab0 5152       1       org.springframework.boot.ansi.AnsiOutput::toString (32 bytes)
Event: 13.675 Thread 0x000001d147963130 nmethod 5151 0x000001d1409e7410 code [0x000001d1409e75c0, 0x000001d1409e7778]
Event: 13.675 Thread 0x000001d147963130 5153       1       org.springframework.boot.ansi.AnsiOutput::isEnabled (46 bytes)
Event: 13.675 Thread 0x000001d1479ccab0 nmethod 5152 0x000001d1409e7810 code [0x000001d1409e79e0, 0x000001d1409e7c30]
Event: 13.675 Thread 0x000001d147963130 nmethod 5153 0x000001d1409e7d90 code [0x000001d1409e7f40, 0x000001d1409e8110]

GC Heap History (20 events):
Event: 5.789 GC heap after
{Heap after GC invocations=3 (full 0):
 garbage-first heap   total reserved 1560576K, committed 98304K, used 14391K [0x00000000a0c00000, 0x0000000100000000)
  region size 1024K, 7 young (7168K), 7 survivors (7168K)
 Metaspace       used 21165K, committed 21504K, reserved 1114112K
  class space    used 2830K, committed 3008K, reserved 1048576K
}
Event: 6.830 GC heap before
{Heap before GC invocations=4 (full 0):
 garbage-first heap   total reserved 1560576K, committed 51200K, used 37943K [0x00000000a0c00000, 0x0000000100000000)
  region size 1024K, 30 young (30720K), 7 survivors (7168K)
 Metaspace       used 24599K, committed 25024K, reserved 1114112K
  class space    used 3357K, committed 3520K, reserved 1048576K
}
Event: 6.848 GC heap after
{Heap after GC invocations=5 (full 0):
 garbage-first heap   total reserved 1560576K, committed 51200K, used 16598K [0x00000000a0c00000, 0x0000000100000000)
  region size 1024K, 3 young (3072K), 3 survivors (3072K)
 Metaspace       used 24599K, committed 25024K, reserved 1114112K
  class space    used 3357K, committed 3520K, reserved 1048576K
}
Event: 7.814 GC heap before
{Heap before GC invocations=5 (full 0):
 garbage-first heap   total reserved 1560576K, committed 51200K, used 38102K [0x00000000a0c00000, 0x0000000100000000)
  region size 1024K, 25 young (25600K), 3 survivors (3072K)
 Metaspace       used 29088K, committed 29568K, reserved 1114112K
  class space    used 3993K, committed 4160K, reserved 1048576K
}
Event: 7.831 GC heap after
{Heap after GC invocations=6 (full 0):
 garbage-first heap   total reserved 1560576K, committed 51200K, used 18367K [0x00000000a0c00000, 0x0000000100000000)
  region size 1024K, 4 young (4096K), 4 survivors (4096K)
 Metaspace       used 29088K, committed 29568K, reserved 1114112K
  class space    used 3993K, committed 4160K, reserved 1048576K
}
Event: 8.638 GC heap before
{Heap before GC invocations=6 (full 0):
 garbage-first heap   total reserved 1560576K, committed 51200K, used 39871K [0x00000000a0c00000, 0x0000000100000000)
  region size 1024K, 26 young (26624K), 4 survivors (4096K)
 Metaspace       used 34088K, committed 34688K, reserved 1114112K
  class space    used 4605K, committed 4864K, reserved 1048576K
}
Event: 8.649 GC heap after
{Heap after GC invocations=7 (full 0):
 garbage-first heap   total reserved 1560576K, committed 51200K, used 21089K [0x00000000a0c00000, 0x0000000100000000)
  region size 1024K, 3 young (3072K), 3 survivors (3072K)
 Metaspace       used 34088K, committed 34688K, reserved 1114112K
  class space    used 4605K, committed 4864K, reserved 1048576K
}
Event: 9.014 GC heap before
{Heap before GC invocations=7 (full 0):
 garbage-first heap   total reserved 1560576K, committed 51200K, used 26209K [0x00000000a0c00000, 0x0000000100000000)
  region size 1024K, 9 young (9216K), 3 survivors (3072K)
 Metaspace       used 35468K, committed 35968K, reserved 1114112K
  class space    used 4823K, committed 5056K, reserved 1048576K
}
Event: 9.019 GC heap after
{Heap after GC invocations=8 (full 0):
 garbage-first heap   total reserved 1560576K, committed 51200K, used 21745K [0x00000000a0c00000, 0x0000000100000000)
  region size 1024K, 1 young (1024K), 1 survivors (1024K)
 Metaspace       used 35468K, committed 35968K, reserved 1114112K
  class space    used 4823K, committed 5056K, reserved 1048576K
}
Event: 10.124 GC heap before
{Heap before GC invocations=9 (full 0):
 garbage-first heap   total reserved 1560576K, committed 51200K, used 41201K [0x00000000a0c00000, 0x0000000100000000)
  region size 1024K, 21 young (21504K), 1 survivors (1024K)
 Metaspace       used 40917K, committed 41472K, reserved 1114112K
  class space    used 5742K, committed 5952K, reserved 1048576K
}
Event: 10.128 GC heap after
{Heap after GC invocations=10 (full 0):
 garbage-first heap   total reserved 1560576K, committed 51200K, used 22766K [0x00000000a0c00000, 0x0000000100000000)
  region size 1024K, 2 young (2048K), 2 survivors (2048K)
 Metaspace       used 40917K, committed 41472K, reserved 1114112K
  class space    used 5742K, committed 5952K, reserved 1048576K
}
Event: 11.013 GC heap before
{Heap before GC invocations=10 (full 0):
 garbage-first heap   total reserved 1560576K, committed 51200K, used 43246K [0x00000000a0c00000, 0x0000000100000000)
  region size 1024K, 22 young (22528K), 2 survivors (2048K)
 Metaspace       used 47380K, committed 47936K, reserved 1114112K
  class space    used 6689K, committed 6912K, reserved 1048576K
}
Event: 11.018 GC heap after
{Heap after GC invocations=11 (full 0):
 garbage-first heap   total reserved 1560576K, committed 51200K, used 23279K [0x00000000a0c00000, 0x0000000100000000)
  region size 1024K, 3 young (3072K), 3 survivors (3072K)
 Metaspace       used 47380K, committed 47936K, reserved 1114112K
  class space    used 6689K, committed 6912K, reserved 1048576K
}
Event: 11.849 GC heap before
{Heap before GC invocations=11 (full 0):
 garbage-first heap   total reserved 1560576K, committed 51200K, used 43759K [0x00000000a0c00000, 0x0000000100000000)
  region size 1024K, 23 young (23552K), 3 survivors (3072K)
 Metaspace       used 52015K, committed 52672K, reserved 1114112K
  class space    used 7456K, committed 7744K, reserved 1048576K
}
Event: 11.853 GC heap after
{Heap after GC invocations=12 (full 0):
 garbage-first heap   total reserved 1560576K, committed 51200K, used 24730K [0x00000000a0c00000, 0x0000000100000000)
  region size 1024K, 3 young (3072K), 3 survivors (3072K)
 Metaspace       used 52015K, committed 52672K, reserved 1114112K
  class space    used 7456K, committed 7744K, reserved 1048576K
}
Event: 12.451 GC heap before
{Heap before GC invocations=12 (full 0):
 garbage-first heap   total reserved 1560576K, committed 51200K, used 44186K [0x00000000a0c00000, 0x0000000100000000)
  region size 1024K, 22 young (22528K), 3 survivors (3072K)
 Metaspace       used 55129K, committed 55744K, reserved 1114112K
  class space    used 7908K, committed 8192K, reserved 1048576K
}
Event: 12.456 GC heap after
{Heap after GC invocations=13 (full 0):
 garbage-first heap   total reserved 1560576K, committed 51200K, used 26026K [0x00000000a0c00000, 0x0000000100000000)
  region size 1024K, 3 young (3072K), 3 survivors (3072K)
 Metaspace       used 55129K, committed 55744K, reserved 1114112K
  class space    used 7908K, committed 8192K, reserved 1048576K
}
Event: 13.038 GC heap before
{Heap before GC invocations=13 (full 0):
 garbage-first heap   total reserved 1560576K, committed 51200K, used 44458K [0x00000000a0c00000, 0x0000000100000000)
  region size 1024K, 21 young (21504K), 3 survivors (3072K)
 Metaspace       used 56848K, committed 57536K, reserved 1114112K
  class space    used 8171K, committed 8448K, reserved 1048576K
}
Event: 13.045 GC heap after
{Heap after GC invocations=14 (full 0):
 garbage-first heap   total reserved 1560576K, committed 51200K, used 27818K [0x00000000a0c00000, 0x0000000100000000)
  region size 1024K, 3 young (3072K), 3 survivors (3072K)
 Metaspace       used 56848K, committed 57536K, reserved 1114112K
  class space    used 8171K, committed 8448K, reserved 1048576K
}
Event: 13.680 GC heap before
{Heap before GC invocations=15 (full 0):
 garbage-first heap   total reserved 1560576K, committed 51200K, used 44202K [0x00000000a0c00000, 0x0000000100000000)
  region size 1024K, 19 young (19456K), 3 survivors (3072K)
 Metaspace       used 58466K, committed 59200K, reserved 1114112K
  class space    used 8517K, committed 8832K, reserved 1048576K
}

Dll operation events (14 events):
Event: 0.086 Loaded shared library C:\Program Files\Java\jdk-22\bin\java.dll
Event: 0.531 Loaded shared library C:\Program Files\Java\jdk-22\bin\zip.dll
Event: 0.542 Loaded shared library C:\Program Files\Java\jdk-22\bin\instrument.dll
Event: 0.559 Loaded shared library C:\Program Files\Java\jdk-22\bin\net.dll
Event: 0.568 Loaded shared library C:\Program Files\Java\jdk-22\bin\nio.dll
Event: 0.577 Loaded shared library C:\Program Files\Java\jdk-22\bin\zip.dll
Event: 0.973 Loaded shared library C:\Program Files\JetBrains\IntelliJ IDEA 2023.3.2\bin\breakgen64.dll
Event: 0.994 Loaded shared library C:\Program Files\Java\jdk-22\bin\jimage.dll
Event: 1.042 Loaded shared library C:\Program Files\Java\jdk-22\bin\extnet.dll
Event: 1.103 Loaded shared library C:\Program Files\Java\jdk-22\bin\management.dll
Event: 1.165 Loaded shared library C:\Program Files\Java\jdk-22\bin\management_ext.dll
Event: 5.200 Loaded shared library C:\Program Files\Java\jdk-22\bin\sunmscapi.dll
Event: 7.302 Loaded shared library C:\Program Files\Java\jdk-22\bin\le.dll
Event: 9.285 Loaded shared library C:\Program Files\Java\jdk-22\bin\verify.dll

Deoptimization events (8 events):
Event: 6.931 Thread 0x000001d135aec450 DEOPT PACKING pc=0x000001d1406ef16c sp=0x00000003f52fd450
Event: 6.931 Thread 0x000001d135aec450 DEOPT UNPACKING pc=0x000001d1400b4e42 sp=0x00000003f52fc908 mode 0
Event: 10.146 Thread 0x000001d135aec450 DEOPT PACKING pc=0x000001d14080484c sp=0x00000003f52fcd00
Event: 10.146 Thread 0x000001d135aec450 DEOPT UNPACKING pc=0x000001d1400b4e42 sp=0x00000003f52fc228 mode 0
Event: 12.087 Thread 0x000001d135aec450 DEOPT PACKING pc=0x000001d140594c94 sp=0x00000003f52fd290
Event: 12.087 Thread 0x000001d135aec450 DEOPT UNPACKING pc=0x000001d1400b4e42 sp=0x00000003f52fc7e8 mode 0
Event: 12.535 Thread 0x000001d135aec450 DEOPT PACKING pc=0x000001d1405c3ab9 sp=0x00000003f52fe170
Event: 12.535 Thread 0x000001d135aec450 DEOPT UNPACKING pc=0x000001d1400b4e42 sp=0x00000003f52fd678 mode 3

Classes loaded (20 events):
Event: 13.657 Loading class java/beans/WeakIdentityMap$Entry
Event: 13.658 Loading class java/beans/WeakIdentityMap$Entry done
Event: 13.658 Loading class com/sun/beans/introspect/ClassInfo
Event: 13.658 Loading class com/sun/beans/introspect/ClassInfo done
Event: 13.658 Loading class com/sun/beans/introspect/ClassInfo$1
Event: 13.658 Loading class com/sun/beans/util/Cache
Event: 13.658 Loading class com/sun/beans/util/Cache done
Event: 13.659 Loading class com/sun/beans/introspect/ClassInfo$1 done
Event: 13.659 Loading class com/sun/beans/util/Cache$Kind
Event: 13.659 Loading class com/sun/beans/util/Cache$Kind done
Event: 13.659 Loading class com/sun/beans/util/Cache$Kind$1
Event: 13.659 Loading class com/sun/beans/util/Cache$Kind$1 done
Event: 13.659 Loading class com/sun/beans/util/Cache$Kind$2
Event: 13.659 Loading class com/sun/beans/util/Cache$Kind$2 done
Event: 13.659 Loading class com/sun/beans/util/Cache$Kind$3
Event: 13.659 Loading class com/sun/beans/util/Cache$Kind$3 done
Event: 13.659 Loading class com/sun/beans/util/Cache$CacheEntry
Event: 13.659 Loading class com/sun/beans/util/Cache$CacheEntry done
Event: 13.660 Loading class java/util/WeakHashMap$KeyIterator
Event: 13.660 Loading class java/util/WeakHashMap$KeyIterator done

Classes unloaded (0 events):
No events

Classes redefined (0 events):
No events

Internal exceptions (20 events):
Event: 11.872 Thread 0x000001d135aec450 Exception <a 'java/lang/IncompatibleClassChangeError'{0x00000000a6b7bed8}: Found class java.lang.Object, but interface was expected> (0x00000000a6b7bed8) 
thrown [s\open\src\hotspot\share\interpreter\linkResolver.cpp, line 841]
Event: 11.935 Thread 0x000001d135aec450 Exception <a 'java/lang/IncompatibleClassChangeError'{0x00000000a41d0c48}: Found class java.lang.Object, but interface was expected> (0x00000000a41d0c48) 
thrown [s\open\src\hotspot\share\interpreter\linkResolver.cpp, line 841]
Event: 12.150 Thread 0x000001d135aec450 Exception <a 'java/lang/IncompatibleClassChangeError'{0x00000000a3b954c8}: Found class java.lang.Object, but interface was expected> (0x00000000a3b954c8) 
thrown [s\open\src\hotspot\share\interpreter\linkResolver.cpp, line 841]
Event: 12.302 Thread 0x000001d135aec450 Exception <a 'java/lang/IncompatibleClassChangeError'{0x00000000a2ea5d18}: Found class java.lang.Object, but interface was expected> (0x00000000a2ea5d18) 
thrown [s\open\src\hotspot\share\interpreter\linkResolver.cpp, line 841]
Event: 12.507 Thread 0x000001d135aec450 Exception <a 'sun/nio/fs/WindowsException'{0x00000000a3ff4c70}> (0x00000000a3ff4c70) 
thrown [s\open\src\hotspot\share\prims\jni.cpp, line 520]
Event: 12.531 Thread 0x000001d135aec450 Exception <a 'java/lang/NoSuchMethodError'{0x00000000a3e2f4f0}: 'void java.lang.invoke.Invokers$Holder.invokeExact_MT(java.lang.Object, java.lang.Object, int, java.lang.Object)'> (0x00000000a3e2f4f0) 
thrown [s\open\src\hotspot\share\interpreter\linkResolver.cpp, line 774]
Event: 12.602 Thread 0x000001d135aec450 Exception <a 'java/lang/NoSuchMethodError'{0x00000000a3dea450}: 'java.lang.Object java.lang.invoke.DirectMethodHandle$Holder.newInvokeSpecial(java.lang.Object, java.lang.Object, java.lang.Object, java.lang.Object, java.lang.Object, java.lang.Object, java.lang.Object, java.lang.Object)'> (0x00000000a3dea450) 
thrown [s\open\src\hotspot\share\interpreter\linkResolver.cpp, line 774]
Event: 12.981 Thread 0x000001d135aec450 Exception <a 'java/lang/IncompatibleClassChangeError'{0x00000000a2d821f0}: Found class java.lang.Object, but interface was expected> (0x00000000a2d821f0) 
thrown [s\open\src\hotspot\share\interpreter\linkResolver.cpp, line 841]
Event: 13.060 Thread 0x000001d135aec450 Exception <a 'java/lang/NoSuchMethodError'{0x00000000a6b47d78}: 'void java.lang.invoke.DirectMethodHandle$Holder.invokeVirtual(java.lang.Object, java.lang.Object, long)'> (0x00000000a6b47d78) 
thrown [s\open\src\hotspot\share\interpreter\linkResolver.cpp, line 774]
Event: 13.186 Thread 0x000001d135aec450 Exception <a 'java/lang/NoSuchMethodError'{0x00000000a3f90ac0}: 'int java.lang.invoke.DirectMethodHandle$Holder.invokeStaticInit(java.lang.Object, java.lang.Object, java.lang.Object, java.lang.Object)'> (0x00000000a3f90ac0) 
thrown [s\open\src\hotspot\share\interpreter\linkResolver.cpp, line 774]
Event: 13.257 Thread 0x000001d135aec450 Exception <a 'java/lang/IncompatibleClassChangeError'{0x00000000a3d741f0}: Found class java.lang.Object, but interface was expected> (0x00000000a3d741f0) 
thrown [s\open\src\hotspot\share\interpreter\linkResolver.cpp, line 841]
Event: 13.391 Thread 0x000001d135aec450 Exception <a 'java/lang/NoSuchMethodError'{0x00000000a343c2b8}: 'java.lang.Object java.lang.invoke.DirectMethodHandle$Holder.newInvokeSpecial(java.lang.Object, java.lang.Object, java.lang.Object, int, int)'> (0x00000000a343c2b8) 
thrown [s\open\src\hotspot\share\interpreter\linkResolver.cpp, line 774]
Event: 13.414 Thread 0x000001d135aec450 Exception <a 'java/lang/IncompatibleClassChangeError'{0x00000000a34b4b28}: Found class java.lang.Object, but interface was expected> (0x00000000a34b4b28) 
thrown [s\open\src\hotspot\share\interpreter\linkResolver.cpp, line 841]
Event: 13.427 Thread 0x000001d135aec450 Exception <a 'java/lang/NoSuchMethodError'{0x00000000a332c568}: 'java.lang.Object java.lang.invoke.DirectMethodHandle$Holder.invokeVirtual(java.lang.Object, java.lang.Object, java.lang.Object, java.lang.Object, java.lang.Object, java.lang.Object, java.lang.Object)'> (0x00000000a332c568) 
thrown [s\open\src\hotspot\share\interpreter\linkResolver.cpp, line 774]
Event: 13.602 Thread 0x000001d135aec450 Exception <a 'java/lang/NoSuchMethodError'{0x00000000a2fa4310}: 'java.lang.Object java.lang.invoke.DirectMethodHandle$Holder.newInvokeSpecial(java.lang.Object, java.lang.Object, int, java.lang.Object, java.lang.Object)'> (0x00000000a2fa4310) 
thrown [s\open\src\hotspot\share\interpreter\linkResolver.cpp, line 774]
Event: 13.603 Thread 0x000001d135aec450 Exception <a 'java/lang/NoSuchMethodError'{0x00000000a2faf510}: 'java.lang.Object java.lang.invoke.DirectMethodHandle$Holder.invokeSpecial(java.lang.Object, java.lang.Object, int, java.lang.Object, int, java.lang.Object)'> (0x00000000a2faf510) 
thrown [s\open\src\hotspot\share\interpreter\linkResolver.cpp, line 774]
Event: 13.603 Thread 0x000001d135aec450 Exception <a 'java/lang/NoSuchMethodError'{0x00000000a2fb68f8}: 'java.lang.Object java.lang.invoke.DirectMethodHandle$Holder.newInvokeSpecial(java.lang.Object, java.lang.Object, int, java.lang.Object, int)'> (0x00000000a2fb68f8) 
thrown [s\open\src\hotspot\share\interpreter\linkResolver.cpp, line 774]
Event: 13.604 Thread 0x000001d135aec450 Exception <a 'java/lang/NoSuchMethodError'{0x00000000a2fba7f8}: 'java.lang.Object java.lang.invoke.DirectMethodHandle$Holder.invokeSpecial(java.lang.Object, java.lang.Object, java.lang.Object, int, java.lang.Object, int)'> (0x00000000a2fba7f8) 
thrown [s\open\src\hotspot\share\interpreter\linkResolver.cpp, line 774]
Event: 13.614 Thread 0x000001d135aec450 Exception <a 'java/net/BindException'{0x00000000a2fcda58}: Address already in use: bind> (0x00000000a2fcda58) 
thrown [s\open\src\hotspot\share\prims\jni.cpp, line 539]
Event: 13.661 Thread 0x000001d147921220 Exception <a 'java/lang/InterruptedException'{0x00000000a2ebb610}: sleep interrupted> (0x00000000a2ebb610) 
thrown [s\open\src\hotspot\share\prims\jvm.cpp, line 3093]

ZGC Phase Switch (0 events):
No events

VM Operations (20 events):
Event: 12.201 Executing VM operation: HandshakeAllThreads (Deoptimize) done
Event: 12.202 Executing VM operation: HandshakeAllThreads (Deoptimize)
Event: 12.202 Executing VM operation: HandshakeAllThreads (Deoptimize) done
Event: 12.451 Executing VM operation: G1CollectForAllocation (G1 Evacuation Pause)
Event: 12.456 Executing VM operation: G1CollectForAllocation (G1 Evacuation Pause) done
Event: 12.519 Executing VM operation: HandshakeAllThreads (Deoptimize)
Event: 12.519 Executing VM operation: HandshakeAllThreads (Deoptimize) done
Event: 12.736 Executing VM operation: HandshakeAllThreads (Deoptimize)
Event: 12.736 Executing VM operation: HandshakeAllThreads (Deoptimize) done
Event: 12.787 Executing VM operation: HandshakeAllThreads (Deoptimize)
Event: 12.787 Executing VM operation: HandshakeAllThreads (Deoptimize) done
Event: 13.038 Executing VM operation: G1CollectForAllocation (G1 Evacuation Pause)
Event: 13.045 Executing VM operation: G1CollectForAllocation (G1 Evacuation Pause) done
Event: 13.074 Executing VM operation: G1PauseRemark
Event: 13.079 Executing VM operation: G1PauseRemark done
Event: 13.093 Executing VM operation: G1PauseCleanup
Event: 13.094 Executing VM operation: G1PauseCleanup done
Event: 13.105 Executing VM operation: HandshakeAllThreads (Deoptimize)
Event: 13.105 Executing VM operation: HandshakeAllThreads (Deoptimize) done
Event: 13.680 Executing VM operation: G1CollectForAllocation (G1 Evacuation Pause)

Events (20 events):
Event: 13.077 Thread 0x000001d14793bf80 flushing nmethod 0x000001d1406c6e90
Event: 13.077 Thread 0x000001d14793bf80 flushing nmethod 0x000001d1406ca410
Event: 13.077 Thread 0x000001d14793bf80 flushing nmethod 0x000001d1405d0490
Event: 13.077 Thread 0x000001d14793bf80 flushing nmethod 0x000001d140635610
Event: 13.077 Thread 0x000001d14793bf80 flushing nmethod 0x000001d14063e210
Event: 13.077 Thread 0x000001d14793bf80 flushing nmethod 0x000001d140693a90
Event: 13.077 Thread 0x000001d14793bf80 flushing nmethod 0x000001d1407e3c90
Event: 13.077 Thread 0x000001d14793bf80 flushing nmethod 0x000001d1407e4690
Event: 13.077 Thread 0x000001d14793bf80 flushing nmethod 0x000001d1403ef910
Event: 13.077 Thread 0x000001d14793bf80 flushing nmethod 0x000001d140606410
Event: 13.077 Thread 0x000001d14793bf80 flushing nmethod 0x000001d140630290
Event: 13.077 Thread 0x000001d14793bf80 flushing nmethod 0x000001d140744e90
Event: 13.077 Thread 0x000001d14793bf80 flushing nmethod 0x000001d14074c210
Event: 13.631 Thread 0x000001d18f31c060 Thread added: 0x000001d18f31c060
Event: 13.632 Thread 0x000001d18e774320 Thread exited: 0x000001d18e774320
Event: 13.632 Thread 0x000001d18e773cb0 Thread exited: 0x000001d18e773cb0
Event: 13.649 Thread 0x000001d18f31c060 Thread exited: 0x000001d18f31c060
Event: 13.661 Thread 0x000001d18d4edd20 Thread exited: 0x000001d18d4edd20
Event: 13.661 Thread 0x000001d18e4868d0 Thread exited: 0x000001d18e4868d0
Event: 13.661 Thread 0x000001d147921220 Thread exited: 0x000001d147921220


Dynamic libraries:
0x00007ff7dfe50000 - 0x00007ff7dfe60000 	C:\Program Files\Java\jdk-22\bin\java.exe
0x00007ffe15e50000 - 0x00007ffe16066000 	C:\WINDOWS\SYSTEM32\ntdll.dll
0x00007ffe141f0000 - 0x00007ffe142b4000 	C:\WINDOWS\System32\KERNEL32.DLL
0x00007ffe13290000 - 0x00007ffe13637000 	C:\WINDOWS\System32\KERNELBASE.dll
0x00007ffe138a0000 - 0x00007ffe139b1000 	C:\WINDOWS\System32\ucrtbase.dll
0x00007ffdfc2c0000 - 0x00007ffdfc2db000 	C:\Program Files\Java\jdk-22\bin\VCRUNTIME140.dll
0x00007ffdfad90000 - 0x00007ffdfada7000 	C:\Program Files\Java\jdk-22\bin\jli.dll
0x00007ffe15d50000 - 0x00007ffe15e02000 	C:\WINDOWS\System32\ADVAPI32.dll
0x00007ffe14650000 - 0x00007ffe146f7000 	C:\WINDOWS\System32\msvcrt.dll
0x00007ffe13be0000 - 0x00007ffe13c88000 	C:\WINDOWS\System32\sechost.dll
0x00007ffe131e0000 - 0x00007ffe13208000 	C:\WINDOWS\System32\bcrypt.dll
0x00007ffe159c0000 - 0x00007ffe15ad5000 	C:\WINDOWS\System32\RPCRT4.dll
0x00007ffe13da0000 - 0x00007ffe13f4e000 	C:\WINDOWS\System32\USER32.dll
0x00007ffe001c0000 - 0x00007ffe00453000 	C:\WINDOWS\WinSxS\amd64_microsoft.windows.common-controls_6595b64144ccf1df_6.0.22621.3235_none_270f74e173860f98\COMCTL32.dll
0x00007ffe141c0000 - 0x00007ffe141e9000 	C:\WINDOWS\System32\GDI32.dll
0x00007ffe13640000 - 0x00007ffe13666000 	C:\WINDOWS\System32\win32u.dll
0x00007ffe13a60000 - 0x00007ffe13b79000 	C:\WINDOWS\System32\gdi32full.dll
0x00007ffe139c0000 - 0x00007ffe13a5a000 	C:\WINDOWS\System32\msvcp_win.dll
0x00007ffe0a630000 - 0x00007ffe0a63a000 	C:\WINDOWS\SYSTEM32\VERSION.dll
0x00007ffe15980000 - 0x00007ffe159b1000 	C:\WINDOWS\System32\IMM32.DLL
0x00007ffe0ce00000 - 0x00007ffe0ce0c000 	C:\Program Files\Java\jdk-22\bin\vcruntime140_1.dll
0x00007ffdeea20000 - 0x00007ffdeeaae000 	C:\Program Files\Java\jdk-22\bin\msvcp140.dll
0x00007ffdb5d10000 - 0x00007ffdb6a58000 	C:\Program Files\Java\jdk-22\bin\server\jvm.dll
0x00007ffe13f50000 - 0x00007ffe13fc1000 	C:\WINDOWS\System32\WS2_32.dll
0x00007ffe129f0000 - 0x00007ffe12a3d000 	C:\WINDOWS\SYSTEM32\POWRPROF.dll
0x00007ffe0b780000 - 0x00007ffe0b7b4000 	C:\WINDOWS\SYSTEM32\WINMM.dll
0x00007ffe129d0000 - 0x00007ffe129e3000 	C:\WINDOWS\SYSTEM32\UMPDC.dll
0x00007ffe121b0000 - 0x00007ffe121c8000 	C:\WINDOWS\SYSTEM32\kernel.appcore.dll
0x00007ffdfc0f0000 - 0x00007ffdfc0fa000 	C:\Program Files\Java\jdk-22\bin\jimage.dll
0x00007ffe08e40000 - 0x00007ffe09073000 	C:\WINDOWS\SYSTEM32\DBGHELP.DLL
0x00007ffe142c0000 - 0x00007ffe14648000 	C:\WINDOWS\System32\combase.dll
0x00007ffe13fd0000 - 0x00007ffe140a7000 	C:\WINDOWS\System32\OLEAUT32.dll
0x00007ffdf8e90000 - 0x00007ffdf8ec2000 	C:\WINDOWS\SYSTEM32\dbgcore.DLL
0x00007ffe13210000 - 0x00007ffe13289000 	C:\WINDOWS\System32\bcryptPrimitives.dll
0x00007ffdfad80000 - 0x00007ffdfad8f000 	C:\Program Files\Java\jdk-22\bin\instrument.dll
0x00007ffdf5e40000 - 0x00007ffdf5e5e000 	C:\Program Files\Java\jdk-22\bin\java.dll
0x00007ffe15120000 - 0x00007ffe1597c000 	C:\WINDOWS\System32\SHELL32.dll
0x00007ffe14e10000 - 0x00007ffe14fb5000 	C:\WINDOWS\System32\ole32.dll
0x00007ffe110d0000 - 0x00007ffe119c9000 	C:\WINDOWS\SYSTEM32\windows.storage.dll
0x00007ffe10f90000 - 0x00007ffe110ce000 	C:\WINDOWS\SYSTEM32\wintypes.dll
0x00007ffe15ae0000 - 0x00007ffe15bd3000 	C:\WINDOWS\System32\SHCORE.dll
0x00007ffe13b80000 - 0x00007ffe13bde000 	C:\WINDOWS\System32\shlwapi.dll
0x00007ffe130a0000 - 0x00007ffe130c1000 	C:\WINDOWS\SYSTEM32\profapi.dll
0x00007ffdf31d0000 - 0x00007ffdf31e7000 	C:\Program Files\Java\jdk-22\bin\zip.dll
0x00007ffdf31c0000 - 0x00007ffdf31d0000 	C:\Program Files\Java\jdk-22\bin\net.dll
0x00007ffe12620000 - 0x00007ffe12689000 	C:\WINDOWS\system32\mswsock.dll
0x00007ffdf1eb0000 - 0x00007ffdf1ec6000 	C:\Program Files\Java\jdk-22\bin\nio.dll
0x00007ffdf1e90000 - 0x00007ffdf1eaa000 	C:\Program Files\JetBrains\IntelliJ IDEA 2023.3.2\bin\breakgen64.dll
0x00007ffdf1e80000 - 0x00007ffdf1e89000 	C:\Program Files\Java\jdk-22\bin\extnet.dll
0x00007ffe11ca0000 - 0x00007ffe11d99000 	C:\WINDOWS\SYSTEM32\DNSAPI.dll
0x00007ffe11c30000 - 0x00007ffe11c5d000 	C:\WINDOWS\SYSTEM32\IPHLPAPI.DLL
0x00007ffe14740000 - 0x00007ffe14749000 	C:\WINDOWS\System32\NSI.dll
0x00007ffe0a700000 - 0x00007ffe0a70a000 	C:\Windows\System32\rasadhlp.dll
0x00007ffe0a740000 - 0x00007ffe0a7c3000 	C:\WINDOWS\System32\fwpuclnt.dll
0x00007ffdf1e70000 - 0x00007ffdf1e7a000 	C:\Program Files\Java\jdk-22\bin\management.dll
0x00007ffdf1430000 - 0x00007ffdf143b000 	C:\Program Files\Java\jdk-22\bin\management_ext.dll
0x00007ffe15ce0000 - 0x00007ffe15ce8000 	C:\WINDOWS\System32\PSAPI.DLL
0x00007ffe128f0000 - 0x00007ffe1290b000 	C:\WINDOWS\SYSTEM32\CRYPTSP.dll
0x00007ffe12110000 - 0x00007ffe12145000 	C:\WINDOWS\system32\rsaenh.dll
0x00007ffe12720000 - 0x00007ffe12748000 	C:\WINDOWS\SYSTEM32\USERENV.dll
0x00007ffe12910000 - 0x00007ffe1291c000 	C:\WINDOWS\SYSTEM32\CRYPTBASE.dll
0x00007ffe0bcd0000 - 0x00007ffe0bce7000 	C:\WINDOWS\system32\napinsp.dll
0x00007ffdf2f40000 - 0x00007ffdf2f5b000 	C:\WINDOWS\system32\pnrpnsp.dll
0x00007ffdce050000 - 0x00007ffdce061000 	C:\WINDOWS\System32\winrnr.dll
0x00007ffe0b3f0000 - 0x00007ffe0b405000 	C:\WINDOWS\system32\wshbth.dll
0x00007ffdce020000 - 0x00007ffdce041000 	C:\WINDOWS\system32\nlansp_c.dll
0x00007ffdeea10000 - 0x00007ffdeea1e000 	C:\Program Files\Java\jdk-22\bin\sunmscapi.dll
0x00007ffe13730000 - 0x00007ffe13897000 	C:\WINDOWS\System32\CRYPT32.dll
0x00007ffe12b30000 - 0x00007ffe12b5e000 	C:\WINDOWS\SYSTEM32\ncrypt.dll
0x00007ffe12af0000 - 0x00007ffe12b27000 	C:\WINDOWS\SYSTEM32\NTASN1.dll
0x00007ffdeea00000 - 0x00007ffdeea0b000 	C:\Program Files\Java\jdk-22\bin\le.dll
0x00007ffdee9f0000 - 0x00007ffdeea00000 	C:\Program Files\Java\jdk-22\bin\verify.dll

dbghelp: loaded successfully - version: 4.0.5 - missing functions: none
symbol engine: initialized successfully - sym options: 0x614 - pdb path: .;C:\Program Files\Java\jdk-22\bin;C:\WINDOWS\SYSTEM32;C:\WINDOWS\WinSxS\amd64_microsoft.windows.common-controls_6595b64144ccf1df_6.0.22621.3235_none_270f74e173860f98;C:\Program Files\Java\jdk-22\bin\server;C:\Program Files\JetBrains\IntelliJ IDEA 2023.3.2\bin

VM Arguments:
jvm_args: -XX:TieredStopAtLevel=1 -Dspring.output.ansi.enabled=always -Dcom.sun.management.jmxremote -Dspring.jmx.enabled=true -Dspring.liveBeansView.mbeanDomain -Dspring.application.admin.enabled=true -Dmanagement.endpoints.jmx.exposure.include=* -javaagent:C:\Program Files\JetBrains\IntelliJ IDEA 2023.3.2\lib\idea_rt.jar=52637:C:\Program Files\JetBrains\IntelliJ IDEA 2023.3.2\bin -Dfile.encoding=UTF-8 -Dsun.stdout.encoding=UTF-8 -Dsun.stderr.encoding=UTF-8 
java_command: tn.vermeg.vermegapplication.VermegApplication
java_class_path (initial): C:\Users\Asus\Desktop\VermegApplication\target\classes;C:\Users\Asus\.m2\repository\org\springframework\boot\spring-boot-starter-data-jdbc\3.2.4\spring-boot-starter-data-jdbc-3.2.4.jar;C:\Users\Asus\.m2\repository\org\springframework\data\spring-data-jdbc\3.2.4\spring-data-jdbc-3.2.4.jar;C:\Users\Asus\.m2\repository\org\springframework\data\spring-data-relational\3.2.4\spring-data-relational-3.2.4.jar;C:\Users\Asus\.m2\repository\com\github\jsqlparser\jsqlparser\4.6\jsqlparser-4.6.jar;C:\Users\Asus\.m2\repository\org\springframework\data\spring-data-commons\3.2.4\spring-data-commons-3.2.4.jar;C:\Users\Asus\.m2\repository\org\springframework\spring-tx\6.1.5\spring-tx-6.1.5.jar;C:\Users\Asus\.m2\repository\org\springframework\spring-context\6.1.5\spring-context-6.1.5.jar;C:\Users\Asus\.m2\repository\org\springframework\spring-beans\6.1.5\spring-beans-6.1.5.jar;C:\Users\Asus\.m2\repository\org\slf4j\slf4j-api\2.0.12\slf4j-api-2.0.12.jar;C:\Users\Asus\.m2\repository\org\springframework\boot\spring-boot-starter-data-jpa\3.2.4\spring-boot-starter-data-jpa-3.2.4.jar;C:\Users\Asus\.m2\repository\org\springframework\boot\spring-boot-starter-aop\3.2.4\spring-boot-starter-aop-3.2.4.jar;C:\Users\Asus\.m2\repository\org\aspectj\aspectjweaver\1.9.21\aspectjweaver-1.9.21.jar;C:\Users\Asus\.m2\repository\org\hibernate\orm\hibernate-core\6.4.4.Final\hibernate-core-6.4.4.Final.jar;C:\Users\Asus\.m2\repository\jakarta\persistence\jakarta.persistence-api\3.1.0\jakarta.persistence-api-3.1.0.jar;C:\Users\Asus\.m2\repository\jakarta\transaction\jakarta.transaction-api\2.0.1\jakarta.transaction-api-2.0.1.jar;C:\Users\Asus\.m2\repository\org\jboss\logging\jboss-logging\3.5.3.Final\jboss-logging-3.5.3.Final.jar;C:\Users\Asus\.m2\repository\org\hibernate\common\hibernate-commons-annotations\6.0.6.Final\hibernate-commons-annotations-6.0.6.Final.jar;C:\Users\Asus\.m2\repository\io\smallrye\jandex\3.1.2\jandex-3.1.2.jar;C:\Users\Asus\.m2\repository\com\fasterxml\classmate\1.6.0\classmate-1.6.0.jar;C:\Users\Asus\.m2\repository\net\bytebuddy\byte-buddy\1.14.12\byte-buddy-1.14.12.jar;C:\Users\Asus\.m2\repository\org\glassfish\jaxb\jaxb-runtime\4.0.5\jaxb-runtime-4.0.5.jar;C:\Users\Asus\.m2\repository\org\glassfish\jaxb\jaxb-core\4.0.5\jaxb-core-4.0.5.jar;C:\Users\Asus\.m2\repository\org\glassfish\jaxb\txw2\4.0.5\txw2-4.0.5.jar;C:\Users\Asus\.m2\repository\com\sun\istack\istack-commons-runtime\4.1.2\istack-commons-runtime-4.1.2.jar;C:\Users\Asus\.m2\repository\jakarta\inject\jakarta.inject-api\2.0.1\jakarta.inject-api-2.0.1.jar;C:\Users\Asus\.m2\repository\org\antlr\antlr4-runtime\4.13.0\antlr4-runtime-4.13.0.jar;C:\Users\Asus\.m2\repository\org\springframework\data\spring-data-jpa\3.2.4\spring-data-jpa-3.2.4.jar;C:\Users\Asus\.m2\repository\org\springframework\spring-orm\6.1.5\spring-orm-6.1.5.jar;C:\Users\Asus\.m2\repository\jakarta\annotation\jakarta.annotation-api\2.1.1\jakarta.annotation-api-2.1.1.jar;C:\Users\Asus\.m2\repository\org\springframework\spring-aspects\6.1.5\spring-aspects-6.1.5.jar;C:\Users\Asus\.m2\repository\org\springframework\boot\spring-boot-starter-jdbc\3.2.4\spring-boot-starter-jdbc-3.2.4.jar;C:\Users\Asus\.m2\repository\org\springframework\boot\spring-boot-starter\3.2.4\spring-boot-starter-3.2.4.jar;C:\Users\Asus\.m2\repository\org\springframework\boot\spring-boot\3.2.4\spring-boot-3.2.4.jar;C:\Users\Asus\.m2\repository\org\springframework\boot\spring-boot-autoconfigure\3.2.4\spring-boot-autoconfigure-3.2.4.jar;C:\Users\Asus\.m2\repository\org\springframework\boot\spring-boot-starter-logging\3.2.4\spring-boot-starter-logging-3.2.4.jar;C:\Users\Asus\.m2\repository\ch\qos\logback\logback-classic\1.4.14\logback-classic-1.4.14.jar;C:\Users\Asus\.m2\repository\ch\qos\logback\logback-core\1.4.14\logback-core-1.4.14.jar;C:\Users\Asus\.m2\repository\org\apache\logging\log4j\log4j-to-slf4j\2.21.1\log4j-to-slf4j-2.21.1.jar;C:\Users\Asus\.m2\repository\org\apache\logging\log4j\log4j-api\2.21.1\log4j-api-2.21.1.jar;C:\Users\Asus\.m2\repository\org\slf4j\jul-to-slf4j\2.0.12\jul-to-slf4j-2.0.12.jar;C:\Users\Asus\.m2\repository\org\yaml\snakeyaml\2.2\snakeyaml-2.2.jar;C:\Users\Asus\.m2\repository\com\zaxxer\HikariCP\5.0.1\HikariCP-5.0.1.jar;C:\Users\Asus\.m2\repository\org\springframework\spring-jdbc\6.1.5\spring-jdbc-6.1.5.jar;C:\Users\Asus\.m2\repository\org\springframework\boot\spring-boot-starter-mail\3.2.4\spring-boot-starter-mail-3.2.4.jar;C:\Users\Asus\.m2\repository\org\springframework\spring-context-support\6.1.5\spring-context-support-6.1.5.jar;C:\Users\Asus\.m2\repository\org\eclipse\angus\jakarta.mail\2.0.3\jakarta.mail-2.0.3.jar;C:\Users\Asus\.m2\repository\jakarta\activation\jakarta.activation-api\2.1.3\jakarta.activation-api-2.1.3.jar;C:\Users\Asus\.m2\repository\org\eclipse\angus\angus-activation\2.0.2\angus-activation-2.0.2.jar;C:\Users\Asus\.m2\repository\org\springframework\boot\spring-boot-starter-security\3.2.4\spring-boot-starter-security-3.2.4.jar;C:\Users\Asus\.m2\repository\org\springframework\spring-aop\6.1.5\spring-aop-6.1.5.jar;C:\Users\Asus\.m2\repository\org\springframework\security\spring-security-config\6.2.3\spring-security-config-6.2.3.jar;C:\Users\Asus\.m2\repository\org\springframework\security\spring-security-web\6.2.3\spring-security-web-6.2.3.jar;C:\Users\Asus\.m2\repository\org\springframework\spring-expression\6.1.5\spring-expression-6.1.5.jar;C:\Users\Asus\.m2\repository\org\springframework\boot\spring-boot-starter-web\3.2.4\spring-boot-starter-web-3.2.4.jar;C:\Users\Asus\.m2\repository\org\springframework\boot\spring-boot-starter-json\3.2.4\spring-boot-starter-json-3.2.4.jar;C:\Users\Asus\.m2\repository\com\fasterxml\jackson\datatype\jackson-datatype-jdk8\2.15.4\jackson-datatype-jdk8-2.15.4.jar;C:\Users\Asus\.m2\repository\com\fasterxml\jackson\datatype\jackson-datatype-jsr310\2.15.4\jackson-datatype-jsr310-2.15.4.jar;C:\Users\Asus\.m2\repository\com\fasterxml\jackson\module\jackson-module-parameter-names\2.15.4\jackson-module-parameter-names-2.15.4.jar;C:\Users\Asus\.m2\repository\org\springframework\boot\spring-boot-starter-tomcat\3.2.4\spring-boot-starter-tomcat-3.2.4.jar;C:\Users\Asus\.m2\repository\org\apache\tomcat\embed\tomcat-embed-core\10.1.19\tomcat-embed-core-10.1.19.jar;C:\Users\Asus\.m2\repository\org\apache\tomcat\embed\tomcat-embed-el\10.1.19\tomcat-embed-el-10.1.19.jar;C:\Users\Asus\.m2\repository\org\apache\tomcat\embed\tomcat-embed-websocket\10.1.19\tomcat-embed-websocket-10.1.19.jar;C:\Users\Asus\.m2\repository\org\springframework\spring-web\6.1.5\spring-web-6.1.5.jar;C:\Users\Asus\.m2\repository\io\micrometer\micrometer-observation\1.12.4\micrometer-observation-1.12.4.jar;C:\Users\Asus\.m2\repository\io\micrometer\micrometer-commons\1.12.4\micrometer-commons-1.12.4.jar;C:\Users\Asus\.m2\repository\org\springframework\spring-webmvc\6.1.5\spring-webmvc-6.1.5.jar;C:\Users\Asus\.m2\repository\com\mysql\mysql-connector-j\8.0.33\mysql-connector-j-8.0.33.jar;C:\Users\Asus\.m2\repository\jakarta\xml\bind\jakarta.xml.bind-api\4.0.2\jakarta.xml.bind-api-4.0.2.jar;C:\Users\Asus\.m2\repository\org\springframework\spring-core\6.1.5\spring-core-6.1.5.jar;C:\Users\Asus\.m2\repository\org\springframework\spring-jcl\6.1.5\spring-jcl-6.1.5.jar;C:\Users\Asus\.m2\repository\org\springframework\security\spring-security-core\6.2.3\spring-security-core-6.2.3.jar;C:\Users\Asus\.m2\repository\org\springframework\security\spring-security-crypto\6.2.3\spring-security-crypto-6.2.3.jar;C:\Users\Asus\.m2\repository\io\jsonwebtoken\jjwt-api\0.11.2\jjwt-api-0.11.2.jar;C:\Users\Asus\.m2\repository\io\jsonwebtoken\jjwt-impl\0.11.2\jjwt-impl-0.11.2.jar;C:\Users\Asus\.m2\repository\io\jsonwebtoken\jjwt-jackson\0.11.2\jjwt-jackson-0.11.2.jar;C:\Users\Asus\.m2\repository\com\fasterxml\jackson\core\jackson-databind\2.15.4\jackson-databind-2.15.4.jar;C:\Users\Asus\.m2\repository\com\fasterxml\jackson\core\jackson-annotations\2.15.4\jackson-annotations-2.15.4.jar;C:\Users\Asus\.m2\repository\com\fasterxml\jackson\core\jackson-core\2.15.4\jackson-core-2.15.4.jar;C:\Users\Asus\.m2\repository\javax\annotation\javax.annotation-api\1.3.2\javax.annotation-api-1.3.2.jar
Launcher Type: SUN_STANDARD

[Global flags]
     intx CICompilerCount                          = 4                                         {product} {ergonomic}
     uint ConcGCThreads                            = 2                                         {product} {ergonomic}
     uint G1ConcRefinementThreads                  = 8                                         {product} {ergonomic}
   size_t G1HeapRegionSize                         = 1048576                                   {product} {ergonomic}
   size_t InitialHeapSize                          = 100663296                                 {product} {ergonomic}
     bool ManagementServer                         = true                                      {product} {command line}
   size_t MarkStackSize                            = 4194304                                   {product} {ergonomic}
   size_t MaxHeapSize                              = 1598029824                                {product} {ergonomic}
   size_t MaxNewSize                               = 958398464                                 {product} {ergonomic}
   size_t MinHeapDeltaBytes                        = 1048576                                   {product} {ergonomic}
   size_t MinHeapSize                              = 8388608                                   {product} {ergonomic}
    uintx NonNMethodCodeHeapSize                   = 4096                                   {pd product} {ergonomic}
    uintx NonProfiledCodeHeapSize                  = 0                                      {pd product} {ergonomic}
     bool ProfileInterpreter                       = false                                  {pd product} {command line}
    uintx ProfiledCodeHeapSize                     = 0                                      {pd product} {ergonomic}
   size_t SoftMaxHeapSize                          = 1598029824                             {manageable} {ergonomic}
     intx TieredStopAtLevel                        = 1                                         {product} {command line}
     bool UseCompressedOops                        = true                           {product lp64_product} {ergonomic}
     bool UseG1GC                                  = true                                      {product} {ergonomic}
     bool UseLargePagesIndividualAllocation        = false                                  {pd product} {ergonomic}

Logging:
Log output configuration:
 #0: stdout all=warning uptime,level,tags foldmultilines=false
 #1: stderr all=off uptime,level,tags foldmultilines=false

Environment Variables:
PATH=C:\Python312\Scripts\;C:\Python312\;C:\Program Files\Common Files\Oracle\Java\javapath;C:\Program Files (x86)\Common Files\Oracle\Java\javapath;C:\Windows\system32;C:\Windows;C:\Windows\System32\Wbem;C:\Windows\System32\WindowsPowerShell\v1.0\;C:\Windows\System32\OpenSSH\;C:\Program Files (x86)\NVIDIA Corporation\PhysX\Common;C:\WINDOWS\system32;C:\WINDOWS;C:\WINDOWS\System32\Wbem;C:\WINDOWS\System32\WindowsPowerShell\v1.0\;C:\WINDOWS\System32\OpenSSH\;C:\Program Files\dotnet\;C:\Program Files\Git\cmd;C:\Program Files\nodejs\;C:\ProgramData\chocolatey\bin\choco.exe\bin;C:\Users\Asus\AppData\Local\Programs\Python\Python37\Scripts\;C:\Users\Asus\AppData\Local\Programs\Python\Python37\;C:\Users\Asus\AppData\Local\Microsoft\WindowsApps;C:\Users\Asus\AppData\Local\Programs\Microsoft VS Code\bin;C:\Users\Asus\.dotnet\tools;C:\Program Files\Elastic\Beats\8.12.2;C:\Program Files\JetBrains\IntelliJ IDEA 2023.3.2\bin;;C:\Users\Asus\AppData\Roaming\npm;C:\Users\Asus\Desktop\elk\logstash-8.12.2-windows-x86_64\logstash-8.12.2\bin;C:\Users\Asus\Desktop\elk\logstash-8.12.2;
USERNAME=Asus
OS=Windows_NT
PROCESSOR_IDENTIFIER=AMD64 Family 23 Model 24 Stepping 1, AuthenticAMD
TMP=C:\Users\Asus\AppData\Local\Temp
TEMP=C:\Users\Asus\AppData\Local\Temp




Periodic native trim disabled

---------------  S Y S T E M  ---------------

OS:
 Windows 11 , 64 bit Build 22621 (10.0.22621.3374)
OS uptime: 4 days 22:06 hours

CPU: total 8 (initial active 8) (8 cores per cpu, 2 threads per core) family 23 model 24 stepping 1 microcode 0x0, cx8, cmov, fxsr, ht, mmx, 3dnowpref, sse, sse2, sse3, ssse3, sse4a, sse4.1, sse4.2, popcnt, lzcnt, tsc, tscinvbit, avx, avx2, aes, clmul, bmi1, bmi2, adx, sha, fma, vzeroupper, clflush, clflushopt, rdtscp, f16c
Processor Information for all 8 processors :
  Max Mhz: 2100, Current Mhz: 2100, Mhz Limit: 2100

Memory: 4k page, system-wide physical 6091M (234M free)
TotalPageFile size 14283M (AvailPageFile size 5M)
current process WorkingSet (physical memory assigned to process): 192M, peak: 192M
current process commit charge ("private bytes"): 230M, peak: 234M

vm_info: Java HotSpot(TM) 64-Bit Server VM (22+36-2370) for windows-amd64 JRE (22+36-2370), built on 2024-02-15T22:15:19Z by "mach5one" with MS VC++ 17.6 (VS2022)

END.
