#
# There is insufficient memory for the Java Runtime Environment to continue.
# Native memory allocation (malloc) failed to allocate 38000 bytes. Error detail: Chunk::new
# Possible reasons:
#   The system is out of physical RAM or swap space
#   This process is running with CompressedOops enabled, and the Java Heap may be blocking the growth of the native heap
# Possible solutions:
#   Reduce memory load on the system
#   Increase physical memory or swap space
#   Check if swap backing store is full
#   Decrease Java heap size (-Xmx/-Xms)
#   Decrease number of Java threads
#   Decrease Java thread stack sizes (-Xss)
#   Set larger code cache with -XX:ReservedCodeCacheSize=
#   JVM is running with Unscaled Compressed Oops mode in which the Java heap is
#     placed in the first 4GB address space. The Java Heap base address is the
#     maximum limit for the native heap growth. Please use -XX:HeapBaseMinAddress
#     to set the Java Heap base and to place the Java Heap above 4GB virtual address.
# This output file may be truncated or incomplete.
#
#  Out of Memory Error (arena.cpp:150), pid=47304, tid=55024
#
# JRE version: Java(TM) SE Runtime Environment (22.0+36) (build 22+36-2370)
# Java VM: Java HotSpot(TM) 64-Bit Server VM (22+36-2370, mixed mode, emulated-client, sharing, tiered, compressed oops, compressed class ptrs, g1 gc, windows-amd64)
# No core dump will be written. Minidumps are not enabled by default on client versions of Windows
#

---------------  S U M M A R Y ------------

Command Line: -XX:TieredStopAtLevel=1 -Dspring.output.ansi.enabled=always -Dcom.sun.management.jmxremote -Dspring.jmx.enabled=true -Dspring.liveBeansView.mbeanDomain -Dspring.application.admin.enabled=true -Dmanagement.endpoints.jmx.exposure.include=* -javaagent:C:\Program Files\JetBrains\IntelliJ IDEA 2023.3.2\lib\idea_rt.jar=52665:C:\Program Files\JetBrains\IntelliJ IDEA 2023.3.2\bin -Dfile.encoding=UTF-8 -Dsun.stdout.encoding=UTF-8 -Dsun.stderr.encoding=UTF-8 tn.vermeg.vermegapplication.VermegApplication

Host: AMD Ryzen 5 3500U with Radeon Vega Mobile Gfx  , 8 cores, 5G,  Windows 11 , 64 bit Build 22621 (10.0.22621.3374)
Time: Fri May 10 21:58:53 2024 Paris, Madrid (heure duild 22621 (10.0.22621.3374) elapsed time: 1.997670 seconds (0d 0h 0m 1s)

---------------  T H R E A D  ---------------

Current thread (0x000001bd4eaea800):  JavaThread "main"             [_thread_in_vm, id=55024, stack(0x0000000df3400000,0x0000000df3500000) (1024K)]

Stack: [0x0000000df3400000,0x0000000df3500000]
Native frames: (J=compiled Java code, j=interpreted, Vv=VM code, C=native code)
V  [jvm.dll+0x6e2349]  (no source info available)
V  [jvm.dll+0x874ed3]  (no source info available)
V  [jvm.dll+0x8772fe]  (no source info available)
V  [jvm.dll+0x8779d3]  (no source info available)
V  [jvm.dll+0x27fcb6]  (no source info available)
V  [jvm.dll+0xc3d0f]  (no source info available)
V  [jvm.dll+0xc3f6b]  (no source info available)
V  [jvm.dll+0x21d961]  (no source info available)
V  [jvm.dll+0x21cb26]  (no source info available)
V  [jvm.dll+0x7eb79c]  (no source info available)
V  [jvm.dll+0x7ec836]  (no source info available)
V  [jvm.dll+0x7ece44]  (no source info available)
V  [jvm.dll+0x7ecac8]  (no source info available)
V  [jvm.dll+0x26d70b]  (no source info available)
V  [jvm.dll+0x3dcc0f]  (no source info available)
C  0x000001bd56e393b5  (no source info available)

The last pc belongs to instanceof (printed below).
Java frames: (J=compiled Java code, j=interpreted, Vv=VM code)
j  java.io.ObjectOutputStream.writeObject0(Ljava/lang/Object;Z)V+138 java.base@22
j  java.io.ObjectOutputStream.writeObject(Ljava/lang/Object;)V+16 java.base@22
j  javax.management.remote.rmi.RMIConnectorServer.encodeJRMPStub(Ljavax/management/remote/rmi/RMIServer;Ljava/util/Map;)Ljava/lang/String;+19 java.management.rmi@22
j  javax.management.remote.rmi.RMIConnectorServer.encodeStub(Ljavax/management/remote/rmi/RMIServer;Ljava/util/Map;)Ljava/lang/String;+2 java.management.rmi@22
j  javax.management.remote.rmi.RMIConnectorServer.encodeStubInAddress(Ljavax/management/remote/rmi/RMIServer;Ljava/util/Map;)V+64 java.management.rmi@22
j  javax.management.remote.rmi.RMIConnectorServer.start()V+460 java.management.rmi@22
j  sun.management.jmxremote.ConnectorBootstrap.startLocalConnectorServer()Ljavax/management/remote/JMXConnectorServer;+290 jdk.management.agent@22
j  jdk.internal.agent.Agent.startLocalManagementAgent()V+13 jdk.management.agent@22
j  jdk.internal.agent.Agent.startAgent(Ljava/util/Properties;)V+58 jdk.management.agent@22
j  jdk.internal.agent.Agent.startAgent()V+20 jdk.management.agent@22
v  ~StubRoutines::call_stub 0x000001bd56e2100d
instanceof  193 instanceof  [0x000001bd56e39340, 0x000001bd56e394b0]  368 bytes
[MachCode]
  0x000001bd56e39340: 5848 85c0 | 0f84 4e01 | 0000 488b | 4de8 488b | 4908 488b | 4908 488b | 5108 410f | b75d 010f 
  0x000001bd56e39360: cbc1 eb10 | 807c 1a04 | 070f 84c6 | 0000 0050 | e805 0000 | 00e9 9600 | 0000 488d | 4424 084c 
  0x000001bd56e39380: 896d c049 | 8bcf c5f8 | 7749 89af | b003 0000 | 4989 87a0 | 0300 0048 | 83ec 2040 | f6c4 0f0f 
  0x000001bd56e393a0: 8419 0000 | 0048 83ec | 0848 b820 | cb0e b6fd | 7f00 00ff | d048 83c4 | 08e9 0c00 | 0000 48b8 
  0x000001bd56e393c0: 20cb 0eb6 | fd7f 0000 | ffd0 4883 | c420 49c7 | 87a0 0300 | 0000 0000 | 0049 c787 | b003 0000 
  0x000001bd56e393e0: 0000 0000 | 49c7 87a8 | 0300 0000 | 0000 00c5 | f877 4983 | 7f08 000f | 8405 0000 | 00e9 fe7a 
  0x000001bd56e39400: feff 4c8b | 6dc0 4c8b | 75c8 4e8d | 74f5 00c3 | 498b 8700 | 0400 0049 | c787 0004 | 0000 0000 
  0x000001bd56e39420: 0000 5a8b | 5208 49ba | 0000 0000 | bd01 0000 | 4903 d2eb | 1e8b 5008 | 49ba 0000 | 0000 bd01 
  0x000001bd56e39440: 0000 4903 | d266 8b5c | d948 488b | 4928 488b | 44d9 0848 | 3bd0 0f84 | 3700 0000 | 8b48 1448 
  0x000001bd56e39460: 3b04 0a0f | 842a 0000 | 0083 f920 | 0f85 1d00 | 0000 5748 | 8b7a 288b | 0f48 83c7 | 0848 85c0 
  0x000001bd56e39480: f248 af5f | 7509 4889 | 4220 e904 | 0000 0033 | c0eb 05b8 | 0100 0000 | 410f b65d | 0349 83c5 
  0x000001bd56e394a0: 0349 baf0 | e998 b6fd | 7f00 0041 | ff24 da90 
[/MachCode]

---------------  P R O C E S S  ---------------

Threads class SMR info:
_java_thread_list=0x000001bd457f8460, length=14, elements={
0x000001bd4eaea800, 0x000001bd5e70af70, 0x000001bd5e70bbd0, 0x000001bd5e70dac0,
0x000001bd5e710de0, 0x000001bd5e719850, 0x000001bd5e71b2c0, 0x000001bd5e71f220,
0x000001bd5e6d7760, 0x000001bd5e77d650, 0x000001bd455cbfb0, 0x000001bd455cc620,
0x000001bd4572d3f0, 0x000001bd45808a00
}

Java Threads: ( => current thread )
=>0x000001bd4eaea800 JavaThread "main"                              [_thread_in_vm, id=55024, stack(0x0000000df3400000,0x0000000df3500000) (1024K)]
  0x000001bd5e70af70 JavaThread "Reference Handler"          daemon [_thread_blocked, id=40572, stack(0x0000000df3c00000,0x0000000df3d00000) (1024K)]
  0x000001bd5e70bbd0 JavaThread "Finalizer"                  daemon [_thread_blocked, id=56828, stack(0x0000000df3d00000,0x0000000df3e00000) (1024K)]
  0x000001bd5e70dac0 JavaThread "Signal Dispatcher"          daemon [_thread_blocked, id=53628, stack(0x0000000df3e00000,0x0000000df3f00000) (1024K)]
  0x000001bd5e710de0 JavaThread "Attach Listener"            daemon [_thread_blocked, id=56908, stack(0x0000000df3f00000,0x0000000df4000000) (1024K)]
  0x000001bd5e719850 JavaThread "Service Thread"             daemon [_thread_blocked, id=62564, stack(0x0000000df4000000,0x0000000df4100000) (1024K)]
  0x000001bd5e71b2c0 JavaThread "Monitor Deflation Thread"   daemon [_thread_blocked, id=59280, stack(0x0000000df4100000,0x0000000df4200000) (1024K)]
  0x000001bd5e71f220 JavaThread "C1 CompilerThread0"         daemon [_thread_blocked, id=60340, stack(0x0000000df4200000,0x0000000df4300000) (1024K)]
  0x000001bd5e6d7760 JavaThread "Common-Cleaner"             daemon [_thread_blocked, id=63356, stack(0x0000000df4300000,0x0000000df4400000) (1024K)]
  0x000001bd5e77d650 JavaThread "C1 CompilerThread1"         daemon [_thread_blocked, id=60604, stack(0x0000000df4400000,0x0000000df4500000) (1024K)]
  0x000001bd455cbfb0 JavaThread "Monitor Ctrl-Break"         daemon [_thread_in_native, id=50560, stack(0x0000000df4500000,0x0000000df4600000) (1024K)]
  0x000001bd455cc620 JavaThread "Notification Thread"        daemon [_thread_blocked, id=62984, stack(0x0000000df4600000,0x0000000df4700000) (1024K)]
  0x000001bd4572d3f0 JavaThread "C1 CompilerThread2"         daemon [_thread_blocked, id=22648, stack(0x0000000df4700000,0x0000000df4800000) (1024K)]
  0x000001bd45808a00 JavaThread "RMI TCP Accept-0"           daemon [_thread_in_native, id=56456, stack(0x0000000df4800000,0x0000000df4900000) (1024K)]
Total: 14

Other Threads:
  0x000001bd5e6edaa0 VMThread "VM Thread"                           [id=56340, stack(0x0000000df3b00000,0x0000000df3c00000) (1024K)]
  0x000001bd5e6d5350 WatcherThread "VM Periodic Task Thread"        [id=42476, stack(0x0000000df3a00000,0x0000000df3b00000) (1024K)]
  0x000001bd4eb31500 WorkerThread "GC Thread#0"                     [id=14860, stack(0x0000000df3500000,0x0000000df3600000) (1024K)]
  0x000001bd4eb3f620 ConcurrentGCThread "G1 Main Marker"            [id=64816, stack(0x0000000df3600000,0x0000000df3700000) (1024K)]
  0x000001bd4eb3ffd0 WorkerThread "G1 Conc#0"                       [id=63804, stack(0x0000000df3700000,0x0000000df3800000) (1024K)]
  0x000001bd4eb9e810 ConcurrentGCThread "G1 Refine#0"               [id=61344, stack(0x0000000df3800000,0x0000000df3900000) (1024K)]
  0x000001bd5e5aa4f0 ConcurrentGCThread "G1 Service"                [id=56876, stack(0x0000000df3900000,0x0000000df3a00000) (1024K)]
Total: 7

Threads with active compile tasks:
Total: 0

VM state: not at safepoint (normal execution)

VM Mutex/Monitor currently owned by a thread: None

Heap address: 0x00000000a0c00000, size: 1524 MB, Compressed Oops mode: 32-bit

CDS archive(s) mapped at: [0x000001bd00000000-0x000001bd00c60000-0x000001bd00c60000), size 12976128, SharedBaseAddress: 0x000001bd00000000, ArchiveRelocationMode: 1.
Compressed class space mapped at: 0x000001bd01000000-0x000001bd41000000, reserved size: 1073741824
Narrow klass base: 0x000001bd00000000, Narrow klass shift: 0, Narrow klass range: 0x41000000

GC Precious Log:
 CardTable entry size: 512
 Card Set container configuration: InlinePtr #cards 5 size 8 Array Of Cards #cards 12 size 40 Howl #buckets 4 coarsen threshold 1843 Howl Bitmap #cards 512 size 80 coarsen threshold 460 Card regions per heap region 1 cards per card region 2048
 CPUs: 8 total, 8 available
 Memory: 6091M
 Large Page Support: Disabled
 NUMA Support: Disabled
 Compressed Oops: Enabled (32-bit)
 Heap Region Size: 1M
 Heap Min Capacity: 8M
 Heap Initial Capacity: 96M
 Heap Max Capacity: 1524M
 Pre-touch: Disabled
 Parallel Workers: 8
 Concurrent Workers: 2
 Concurrent Refinement Workers: 8
 Periodic GC: Disabled

Heap:
 garbage-first heap   total reserved 1560576K, committed 98304K, used 15360K [0x00000000a0c00000, 0x0000000100000000)
  region size 1024K, 16 young (16384K), 0 survivors (0K)
 Metaspace       used 4613K, committed 4864K, reserved 1114112K
  class space    used 558K, committed 704K, reserved 1048576K

Heap Regions: E=young(eden), S=young(survivor), O=old, HS=humongous(starts), HC=humongous(continues), CS=collection set, F=free, TAMS=top-at-mark-start, PB=parsable bottom
|   0|0x00000000a0c00000, 0x00000000a0d00000, 0x00000000a0d00000|100%|HS|  |TAMS 0x00000000a0c00000| PB 0x00000000a0c00000| Complete |  0
|   1|0x00000000a0d00000, 0x00000000a0d00000, 0x00000000a0e00000|  0%| F|  |TAMS 0x00000000a0d00000| PB 0x00000000a0d00000| Untracked |  0
|   2|0x00000000a0e00000, 0x00000000a0e00000, 0x00000000a0f00000|  0%| F|  |TAMS 0x00000000a0e00000| PB 0x00000000a0e00000| Untracked |  0
|   3|0x00000000a0f00000, 0x00000000a0f00000, 0x00000000a1000000|  0%| F|  |TAMS 0x00000000a0f00000| PB 0x00000000a0f00000| Untracked |  0
|   4|0x00000000a1000000, 0x00000000a1000000, 0x00000000a1100000|  0%| F|  |TAMS 0x00000000a1000000| PB 0x00000000a1000000| Untracked |  0
|   5|0x00000000a1100000, 0x00000000a1100000, 0x00000000a1200000|  0%| F|  |TAMS 0x00000000a1100000| PB 0x00000000a1100000| Untracked |  0
|   6|0x00000000a1200000, 0x00000000a1200000, 0x00000000a1300000|  0%| F|  |TAMS 0x00000000a1200000| PB 0x00000000a1200000| Untracked |  0
|   7|0x00000000a1300000, 0x00000000a1300000, 0x00000000a1400000|  0%| F|  |TAMS 0x00000000a1300000| PB 0x00000000a1300000| Untracked |  0
|   8|0x00000000a1400000, 0x00000000a1400000, 0x00000000a1500000|  0%| F|  |TAMS 0x00000000a1400000| PB 0x00000000a1400000| Untracked |  0
|   9|0x00000000a1500000, 0x00000000a1500000, 0x00000000a1600000|  0%| F|  |TAMS 0x00000000a1500000| PB 0x00000000a1500000| Untracked |  0
|  10|0x00000000a1600000, 0x00000000a1600000, 0x00000000a1700000|  0%| F|  |TAMS 0x00000000a1600000| PB 0x00000000a1600000| Untracked |  0
|  11|0x00000000a1700000, 0x00000000a1700000, 0x00000000a1800000|  0%| F|  |TAMS 0x00000000a1700000| PB 0x00000000a1700000| Untracked |  0
|  12|0x00000000a1800000, 0x00000000a1800000, 0x00000000a1900000|  0%| F|  |TAMS 0x00000000a1800000| PB 0x00000000a1800000| Untracked |  0
|  13|0x00000000a1900000, 0x00000000a1900000, 0x00000000a1a00000|  0%| F|  |TAMS 0x00000000a1900000| PB 0x00000000a1900000| Untracked |  0
|  14|0x00000000a1a00000, 0x00000000a1a00000, 0x00000000a1b00000|  0%| F|  |TAMS 0x00000000a1a00000| PB 0x00000000a1a00000| Untracked |  0
|  15|0x00000000a1b00000, 0x00000000a1b00000, 0x00000000a1c00000|  0%| F|  |TAMS 0x00000000a1b00000| PB 0x00000000a1b00000| Untracked |  0
|  16|0x00000000a1c00000, 0x00000000a1c00000, 0x00000000a1d00000|  0%| F|  |TAMS 0x00000000a1c00000| PB 0x00000000a1c00000| Untracked |  0
|  17|0x00000000a1d00000, 0x00000000a1d00000, 0x00000000a1e00000|  0%| F|  |TAMS 0x00000000a1d00000| PB 0x00000000a1d00000| Untracked |  0
|  18|0x00000000a1e00000, 0x00000000a1e00000, 0x00000000a1f00000|  0%| F|  |TAMS 0x00000000a1e00000| PB 0x00000000a1e00000| Untracked |  0
|  19|0x00000000a1f00000, 0x00000000a1f00000, 0x00000000a2000000|  0%| F|  |TAMS 0x00000000a1f00000| PB 0x00000000a1f00000| Untracked |  0
|  20|0x00000000a2000000, 0x00000000a2000000, 0x00000000a2100000|  0%| F|  |TAMS 0x00000000a2000000| PB 0x00000000a2000000| Untracked |  0
|  21|0x00000000a2100000, 0x00000000a2100000, 0x00000000a2200000|  0%| F|  |TAMS 0x00000000a2100000| PB 0x00000000a2100000| Untracked |  0
|  22|0x00000000a2200000, 0x00000000a2200000, 0x00000000a2300000|  0%| F|  |TAMS 0x00000000a2200000| PB 0x00000000a2200000| Untracked |  0
|  23|0x00000000a2300000, 0x00000000a2300000, 0x00000000a2400000|  0%| F|  |TAMS 0x00000000a2300000| PB 0x00000000a2300000| Untracked |  0
|  24|0x00000000a2400000, 0x00000000a2400000, 0x00000000a2500000|  0%| F|  |TAMS 0x00000000a2400000| PB 0x00000000a2400000| Untracked |  0
|  25|0x00000000a2500000, 0x00000000a2500000, 0x00000000a2600000|  0%| F|  |TAMS 0x00000000a2500000| PB 0x00000000a2500000| Untracked |  0
|  26|0x00000000a2600000, 0x00000000a2600000, 0x00000000a2700000|  0%| F|  |TAMS 0x00000000a2600000| PB 0x00000000a2600000| Untracked |  0
|  27|0x00000000a2700000, 0x00000000a2700000, 0x00000000a2800000|  0%| F|  |TAMS 0x00000000a2700000| PB 0x00000000a2700000| Untracked |  0
|  28|0x00000000a2800000, 0x00000000a2800000, 0x00000000a2900000|  0%| F|  |TAMS 0x00000000a2800000| PB 0x00000000a2800000| Untracked |  0
|  29|0x00000000a2900000, 0x00000000a2900000, 0x00000000a2a00000|  0%| F|  |TAMS 0x00000000a2900000| PB 0x00000000a2900000| Untracked |  0
|  30|0x00000000a2a00000, 0x00000000a2a00000, 0x00000000a2b00000|  0%| F|  |TAMS 0x00000000a2a00000| PB 0x00000000a2a00000| Untracked |  0
|  31|0x00000000a2b00000, 0x00000000a2b00000, 0x00000000a2c00000|  0%| F|  |TAMS 0x00000000a2b00000| PB 0x00000000a2b00000| Untracked |  0
|  32|0x00000000a2c00000, 0x00000000a2c00000, 0x00000000a2d00000|  0%| F|  |TAMS 0x00000000a2c00000| PB 0x00000000a2c00000| Untracked |  0
|  33|0x00000000a2d00000, 0x00000000a2d00000, 0x00000000a2e00000|  0%| F|  |TAMS 0x00000000a2d00000| PB 0x00000000a2d00000| Untracked |  0
|  34|0x00000000a2e00000, 0x00000000a2e00000, 0x00000000a2f00000|  0%| F|  |TAMS 0x00000000a2e00000| PB 0x00000000a2e00000| Untracked |  0
|  35|0x00000000a2f00000, 0x00000000a2f00000, 0x00000000a3000000|  0%| F|  |TAMS 0x00000000a2f00000| PB 0x00000000a2f00000| Untracked |  0
|  36|0x00000000a3000000, 0x00000000a3000000, 0x00000000a3100000|  0%| F|  |TAMS 0x00000000a3000000| PB 0x00000000a3000000| Untracked |  0
|  37|0x00000000a3100000, 0x00000000a3100000, 0x00000000a3200000|  0%| F|  |TAMS 0x00000000a3100000| PB 0x00000000a3100000| Untracked |  0
|  38|0x00000000a3200000, 0x00000000a3200000, 0x00000000a3300000|  0%| F|  |TAMS 0x00000000a3200000| PB 0x00000000a3200000| Untracked |  0
|  39|0x00000000a3300000, 0x00000000a3300000, 0x00000000a3400000|  0%| F|  |TAMS 0x00000000a3300000| PB 0x00000000a3300000| Untracked |  0
|  40|0x00000000a3400000, 0x00000000a3400000, 0x00000000a3500000|  0%| F|  |TAMS 0x00000000a3400000| PB 0x00000000a3400000| Untracked |  0
|  41|0x00000000a3500000, 0x00000000a3500000, 0x00000000a3600000|  0%| F|  |TAMS 0x00000000a3500000| PB 0x00000000a3500000| Untracked |  0
|  42|0x00000000a3600000, 0x00000000a3600000, 0x00000000a3700000|  0%| F|  |TAMS 0x00000000a3600000| PB 0x00000000a3600000| Untracked |  0
|  43|0x00000000a3700000, 0x00000000a3700000, 0x00000000a3800000|  0%| F|  |TAMS 0x00000000a3700000| PB 0x00000000a3700000| Untracked |  0
|  44|0x00000000a3800000, 0x00000000a3800000, 0x00000000a3900000|  0%| F|  |TAMS 0x00000000a3800000| PB 0x00000000a3800000| Untracked |  0
|  45|0x00000000a3900000, 0x00000000a3900000, 0x00000000a3a00000|  0%| F|  |TAMS 0x00000000a3900000| PB 0x00000000a3900000| Untracked |  0
|  46|0x00000000a3a00000, 0x00000000a3a00000, 0x00000000a3b00000|  0%| F|  |TAMS 0x00000000a3a00000| PB 0x00000000a3a00000| Untracked |  0
|  47|0x00000000a3b00000, 0x00000000a3b00000, 0x00000000a3c00000|  0%| F|  |TAMS 0x00000000a3b00000| PB 0x00000000a3b00000| Untracked |  0
|  48|0x00000000a3c00000, 0x00000000a3c00000, 0x00000000a3d00000|  0%| F|  |TAMS 0x00000000a3c00000| PB 0x00000000a3c00000| Untracked |  0
|  49|0x00000000a3d00000, 0x00000000a3d00000, 0x00000000a3e00000|  0%| F|  |TAMS 0x00000000a3d00000| PB 0x00000000a3d00000| Untracked |  0
|  50|0x00000000a3e00000, 0x00000000a3e00000, 0x00000000a3f00000|  0%| F|  |TAMS 0x00000000a3e00000| PB 0x00000000a3e00000| Untracked |  0
|  51|0x00000000a3f00000, 0x00000000a3f00000, 0x00000000a4000000|  0%| F|  |TAMS 0x00000000a3f00000| PB 0x00000000a3f00000| Untracked |  0
|  52|0x00000000a4000000, 0x00000000a4000000, 0x00000000a4100000|  0%| F|  |TAMS 0x00000000a4000000| PB 0x00000000a4000000| Untracked |  0
|  53|0x00000000a4100000, 0x00000000a4100000, 0x00000000a4200000|  0%| F|  |TAMS 0x00000000a4100000| PB 0x00000000a4100000| Untracked |  0
|  54|0x00000000a4200000, 0x00000000a4200000, 0x00000000a4300000|  0%| F|  |TAMS 0x00000000a4200000| PB 0x00000000a4200000| Untracked |  0
|  55|0x00000000a4300000, 0x00000000a4300000, 0x00000000a4400000|  0%| F|  |TAMS 0x00000000a4300000| PB 0x00000000a4300000| Untracked |  0
|  56|0x00000000a4400000, 0x00000000a4400000, 0x00000000a4500000|  0%| F|  |TAMS 0x00000000a4400000| PB 0x00000000a4400000| Untracked |  0
|  57|0x00000000a4500000, 0x00000000a4500000, 0x00000000a4600000|  0%| F|  |TAMS 0x00000000a4500000| PB 0x00000000a4500000| Untracked |  0
|  58|0x00000000a4600000, 0x00000000a4600000, 0x00000000a4700000|  0%| F|  |TAMS 0x00000000a4600000| PB 0x00000000a4600000| Untracked |  0
|  59|0x00000000a4700000, 0x00000000a4700000, 0x00000000a4800000|  0%| F|  |TAMS 0x00000000a4700000| PB 0x00000000a4700000| Untracked |  0
|  60|0x00000000a4800000, 0x00000000a4800000, 0x00000000a4900000|  0%| F|  |TAMS 0x00000000a4800000| PB 0x00000000a4800000| Untracked |  0
|  61|0x00000000a4900000, 0x00000000a4900000, 0x00000000a4a00000|  0%| F|  |TAMS 0x00000000a4900000| PB 0x00000000a4900000| Untracked |  0
|  62|0x00000000a4a00000, 0x00000000a4a00000, 0x00000000a4b00000|  0%| F|  |TAMS 0x00000000a4a00000| PB 0x00000000a4a00000| Untracked |  0
|  63|0x00000000a4b00000, 0x00000000a4b00000, 0x00000000a4c00000|  0%| F|  |TAMS 0x00000000a4b00000| PB 0x00000000a4b00000| Untracked |  0
|  64|0x00000000a4c00000, 0x00000000a4c00000, 0x00000000a4d00000|  0%| F|  |TAMS 0x00000000a4c00000| PB 0x00000000a4c00000| Untracked |  0
|  65|0x00000000a4d00000, 0x00000000a4d00000, 0x00000000a4e00000|  0%| F|  |TAMS 0x00000000a4d00000| PB 0x00000000a4d00000| Untracked |  0
|  66|0x00000000a4e00000, 0x00000000a4e00000, 0x00000000a4f00000|  0%| F|  |TAMS 0x00000000a4e00000| PB 0x00000000a4e00000| Untracked |  0
|  67|0x00000000a4f00000, 0x00000000a4f00000, 0x00000000a5000000|  0%| F|  |TAMS 0x00000000a4f00000| PB 0x00000000a4f00000| Untracked |  0
|  68|0x00000000a5000000, 0x00000000a5000000, 0x00000000a5100000|  0%| F|  |TAMS 0x00000000a5000000| PB 0x00000000a5000000| Untracked |  0
|  69|0x00000000a5100000, 0x00000000a5100000, 0x00000000a5200000|  0%| F|  |TAMS 0x00000000a5100000| PB 0x00000000a5100000| Untracked |  0
|  70|0x00000000a5200000, 0x00000000a5200000, 0x00000000a5300000|  0%| F|  |TAMS 0x00000000a5200000| PB 0x00000000a5200000| Untracked |  0
|  71|0x00000000a5300000, 0x00000000a5300000, 0x00000000a5400000|  0%| F|  |TAMS 0x00000000a5300000| PB 0x00000000a5300000| Untracked |  0
|  72|0x00000000a5400000, 0x00000000a5400000, 0x00000000a5500000|  0%| F|  |TAMS 0x00000000a5400000| PB 0x00000000a5400000| Untracked |  0
|  73|0x00000000a5500000, 0x00000000a5500000, 0x00000000a5600000|  0%| F|  |TAMS 0x00000000a5500000| PB 0x00000000a5500000| Untracked |  0
|  74|0x00000000a5600000, 0x00000000a5600000, 0x00000000a5700000|  0%| F|  |TAMS 0x00000000a5600000| PB 0x00000000a5600000| Untracked |  0
|  75|0x00000000a5700000, 0x00000000a5700000, 0x00000000a5800000|  0%| F|  |TAMS 0x00000000a5700000| PB 0x00000000a5700000| Untracked |  0
|  76|0x00000000a5800000, 0x00000000a5800000, 0x00000000a5900000|  0%| F|  |TAMS 0x00000000a5800000| PB 0x00000000a5800000| Untracked |  0
|  77|0x00000000a5900000, 0x00000000a5900000, 0x00000000a5a00000|  0%| F|  |TAMS 0x00000000a5900000| PB 0x00000000a5900000| Untracked |  0
|  78|0x00000000a5a00000, 0x00000000a5a00000, 0x00000000a5b00000|  0%| F|  |TAMS 0x00000000a5a00000| PB 0x00000000a5a00000| Untracked |  0
|  79|0x00000000a5b00000, 0x00000000a5b00000, 0x00000000a5c00000|  0%| F|  |TAMS 0x00000000a5b00000| PB 0x00000000a5b00000| Untracked |  0
|  80|0x00000000a5c00000, 0x00000000a5cf5e50, 0x00000000a5d00000| 96%| E|  |TAMS 0x00000000a5c00000| PB 0x00000000a5c00000| Complete |  0
|  81|0x00000000a5d00000, 0x00000000a5e00000, 0x00000000a5e00000|100%| E|CS|TAMS 0x00000000a5d00000| PB 0x00000000a5d00000| Complete |  0
|  82|0x00000000a5e00000, 0x00000000a5f00000, 0x00000000a5f00000|100%| E|CS|TAMS 0x00000000a5e00000| PB 0x00000000a5e00000| Complete |  0
|  83|0x00000000a5f00000, 0x00000000a6000000, 0x00000000a6000000|100%| E|CS|TAMS 0x00000000a5f00000| PB 0x00000000a5f00000| Complete |  0
|  84|0x00000000a6000000, 0x00000000a6100000, 0x00000000a6100000|100%| E|CS|TAMS 0x00000000a6000000| PB 0x00000000a6000000| Complete |  0
|  85|0x00000000a6100000, 0x00000000a6200000, 0x00000000a6200000|100%| E|CS|TAMS 0x00000000a6100000| PB 0x00000000a6100000| Complete |  0
|  86|0x00000000a6200000, 0x00000000a6300000, 0x00000000a6300000|100%| E|CS|TAMS 0x00000000a6200000| PB 0x00000000a6200000| Complete |  0
|  87|0x00000000a6300000, 0x00000000a6400000, 0x00000000a6400000|100%| E|CS|TAMS 0x00000000a6300000| PB 0x00000000a6300000| Complete |  0
|  88|0x00000000a6400000, 0x00000000a6500000, 0x00000000a6500000|100%| E|CS|TAMS 0x00000000a6400000| PB 0x00000000a6400000| Complete |  0
|  89|0x00000000a6500000, 0x00000000a6600000, 0x00000000a6600000|100%| E|CS|TAMS 0x00000000a6500000| PB 0x00000000a6500000| Complete |  0
|  90|0x00000000a6600000, 0x00000000a6700000, 0x00000000a6700000|100%| E|CS|TAMS 0x00000000a6600000| PB 0x00000000a6600000| Complete |  0
|  91|0x00000000a6700000, 0x00000000a6800000, 0x00000000a6800000|100%| E|CS|TAMS 0x00000000a6700000| PB 0x00000000a6700000| Complete |  0
|  92|0x00000000a6800000, 0x00000000a6900000, 0x00000000a6900000|100%| E|CS|TAMS 0x00000000a6800000| PB 0x00000000a6800000| Complete |  0
|  93|0x00000000a6900000, 0x00000000a6a00000, 0x00000000a6a00000|100%| E|  |TAMS 0x00000000a6900000| PB 0x00000000a6900000| Complete |  0
|  94|0x00000000a6a00000, 0x00000000a6b00000, 0x00000000a6b00000|100%| E|CS|TAMS 0x00000000a6a00000| PB 0x00000000a6a00000| Complete |  0
|  95|0x00000000a6b00000, 0x00000000a6c00000, 0x00000000a6c00000|100%| E|CS|TAMS 0x00000000a6b00000| PB 0x00000000a6b00000| Complete |  0

Card table byte_map: [0x000001bd5a230000,0x000001bd5a530000] _byte_map_base: 0x000001bd59d2a000

Marking Bits: (CMBitMap*) 0x000001bd4eb31ab0
 Bits: [0x000001bd5a530000, 0x000001bd5bd00000)

Polling page: 0x000001bd4ca50000

Metaspace:

Usage:
  Non-class:      3.96 MB used.
      Class:    558.88 KB used.
       Both:      4.51 MB used.

Virtual space:
  Non-class space:       64.00 MB reserved,       4.06 MB (  6%) committed,  1 nodes.
      Class space:        1.00 GB reserved,     704.00 KB ( <1%) committed,  1 nodes.
             Both:        1.06 GB reserved,       4.75 MB ( <1%) committed. 

Chunk freelists:
   Non-Class:  11.89 MB
       Class:  15.25 MB
        Both:  27.14 MB

MaxMetaspaceSize: unlimited
CompressedClassSpaceSize: 1.00 GB
Initial GC threshold: 21.00 MB
Current GC threshold: 21.00 MB
CDS: on
 - commit_granule_bytes: 65536.
 - commit_granule_words: 8192.
 - virtual_space_node_default_size: 8388608.
 - enlarge_chunks_in_place: 1.
 - use_allocation_guard: 0.


Internal statistics:

num_allocs_failed_limit: 0.
num_arena_births: 104.
num_arena_deaths: 0.
num_vsnodes_births: 2.
num_vsnodes_deaths: 0.
num_space_committed: 76.
num_space_uncommitted: 0.
num_chunks_returned_to_freelist: 0.
num_chunks_taken_from_freelist: 114.
num_chunk_merges: 0.
num_chunk_splits: 79.
num_chunks_enlarged: 49.
num_inconsistent_stats: 0.

CodeCache: size=49152Kb used=3814Kb max_used=3814Kb free=45337Kb
 bounds [0x000001bd56e20000, 0x000001bd571e0000, 0x000001bd59e20000]
 total_blobs=1523 nmethods=1063 adapters=383
 compilation: enabled
              stopped_count=0, restarted_count=0
 full_count=0

Compilation events (20 events):
Event: 1.968 Thread 0x000001bd5e77d650 1054       1       java.lang.Class::getComponentType (14 bytes)
Event: 1.968 Thread 0x000001bd5e77d650 nmethod 1054 0x000001bd571d6790 code [0x000001bd571d6940, 0x000001bd571d6a68]
Event: 1.972 Thread 0x000001bd5e71f220 1055       1       java.lang.invoke.DirectMethodHandle$Constructor::<init> (44 bytes)
Event: 1.973 Thread 0x000001bd5e71f220 nmethod 1055 0x000001bd571d6b10 code [0x000001bd571d6cc0, 0x000001bd571d6e58]
Event: 1.973 Thread 0x000001bd5e71f220 1056       1       java.lang.invoke.AbstractValidatingLambdaMetafactory::isAdaptableTo (126 bytes)
Event: 1.973 Thread 0x000001bd5e77d650 1057       1       java.lang.invoke.MethodHandleNatives::isPullModeBSM (2 bytes)
Event: 1.974 Thread 0x000001bd4572d3f0 1058       1       jdk.internal.org.objectweb.asm.SymbolTable::getConstantPoolCount (5 bytes)
Event: 1.974 Thread 0x000001bd5e77d650 nmethod 1057 0x000001bd571d6f10 code [0x000001bd571d70a0, 0x000001bd571d7148]
Event: 1.974 Thread 0x000001bd5e71f220 nmethod 1056 0x000001bd571d7210 code [0x000001bd571d7440, 0x000001bd571d7858]
Event: 1.974 Thread 0x000001bd4572d3f0 nmethod 1058 0x000001bd571d7b10 code [0x000001bd571d7ca0, 0x000001bd571d7d68]
Event: 1.974 Thread 0x000001bd5e71f220 1059       1       java.lang.invoke.ConstantCallSite::getTarget (20 bytes)
Event: 1.974 Thread 0x000001bd5e71f220 nmethod 1059 0x000001bd571d7e10 code [0x000001bd571d7fc0, 0x000001bd571d8140]
Event: 1.975 Thread 0x000001bd4572d3f0 1060       1       jdk.internal.access.SharedSecrets::getJavaLangAccess (4 bytes)
Event: 1.975 Thread 0x000001bd4572d3f0 nmethod 1060 0x000001bd571d8210 code [0x000001bd571d83a0, 0x000001bd571d8450]
Event: 1.979 Thread 0x000001bd4572d3f0 1061       1       java.lang.invoke.MethodHandleNatives::refKindHasReceiver (33 bytes)
Event: 1.979 Thread 0x000001bd4572d3f0 nmethod 1061 0x000001bd571d8510 code [0x000001bd571d86a0, 0x000001bd571d8758]
Event: 1.980 Thread 0x000001bd4572d3f0 1062       1       java.lang.invoke.MethodHandle::isBuiltinLoader (24 bytes)
Event: 1.980 Thread 0x000001bd4572d3f0 nmethod 1062 0x000001bd571d8810 code [0x000001bd571d89a0, 0x000001bd571d8a88]
Event: 1.986 Thread 0x000001bd5e71f220 1063       1       sun.invoke.util.VerifyAccess::isTypeVisible (47 bytes)
Event: 1.986 Thread 0x000001bd5e71f220 nmethod 1063 0x000001bd571d8b10 code [0x000001bd571d8cc0, 0x000001bd571d8ea8]

GC Heap History (0 events):
No events

Dll operation events (11 events):
Event: 0.068 Loaded shared library C:\Program Files\Java\jdk-22\bin\java.dll
Event: 0.613 Loaded shared library C:\Program Files\Java\jdk-22\bin\zip.dll
Event: 0.639 Loaded shared library C:\Program Files\Java\jdk-22\bin\instrument.dll
Event: 0.667 Loaded shared library C:\Program Files\Java\jdk-22\bin\net.dll
Event: 0.683 Loaded shared library C:\Program Files\Java\jdk-22\bin\nio.dll
Event: 0.708 Loaded shared library C:\Program Files\Java\jdk-22\bin\zip.dll
Event: 1.245 Loaded shared library C:\Program Files\JetBrains\IntelliJ IDEA 2023.3.2\bin\breakgen64.dll
Event: 1.292 Loaded shared library C:\Program Files\Java\jdk-22\bin\jimage.dll
Event: 1.338 Loaded shared library C:\Program Files\Java\jdk-22\bin\extnet.dll
Event: 1.371 Loaded shared library C:\Program Files\Java\jdk-22\bin\management.dll
Event: 1.424 Loaded shared library C:\Program Files\Java\jdk-22\bin\management_ext.dll

Deoptimization events (0 events):
No events

Classes loaded (20 events):
Event: 1.987 Loading class sun/rmi/server/WeakClassHashMap$ValueCell done
Event: 1.987 Loading class sun/rmi/server/UnicastServerRef$HashToMethod_Maps$1
Event: 1.987 Loading class sun/rmi/server/UnicastServerRef$HashToMethod_Maps$1 done
Event: 1.987 Loading class java/io/DataOutputStream
Event: 1.988 Loading class java/io/DataOutputStream done
Event: 1.988 Loading class java/security/DigestOutputStream
Event: 1.988 Loading class java/security/DigestOutputStream done
Event: 1.990 Loading class java/io/ObjectOutputStream
Event: 1.991 Loading class java/io/ObjectOutput
Event: 1.991 Loading class java/io/ObjectOutput done
Event: 1.991 Loading class java/io/ObjectStreamConstants
Event: 1.991 Loading class java/io/ObjectStreamConstants done
Event: 1.991 Loading class java/io/ObjectOutputStream done
Event: 1.991 Loading class java/io/ObjectOutputStream$BlockDataOutputStream
Event: 1.992 Loading class java/io/ObjectOutputStream$BlockDataOutputStream done
Event: 1.992 Loading class java/io/ObjectOutputStream$HandleTable
Event: 1.992 Loading class java/io/ObjectOutputStream$HandleTable done
Event: 1.992 Loading class java/io/ObjectOutputStream$ReplaceTable
Event: 1.993 Loading class java/io/ObjectOutputStream$ReplaceTable done
Event: 1.993 Loading class java/io/ObjectStreamClass

Classes unloaded (0 events):
No events

Classes redefined (0 events):
No events

Internal exceptions (11 events):
Event: 1.204 Thread 0x000001bd4eaea800 Exception <a 'java/lang/NoSuchMethodError'{0x00000000a644d900}: 'void java.lang.invoke.DirectMethodHandle$Holder.invokeStatic(java.lang.Object, java.lang.Object, java.lang.Object)'> (0x00000000a644d900) 
thrown [s\open\src\hotspot\share\interpreter\linkResolver.cpp, line 774]
Event: 1.221 Thread 0x000001bd4eaea800 Exception <a 'java/lang/NoSuchMethodError'{0x00000000a6465398}: 'java.lang.Object java.lang.invoke.Invokers$Holder.invokeExact_MT(java.lang.Object, java.lang.Object, java.lang.Object, java.lang.Object, java.lang.Object)'> (0x00000000a6465398) 
thrown [s\open\src\hotspot\share\interpreter\linkResolver.cpp, line 774]
Event: 1.344 Thread 0x000001bd455cbfb0 Exception <a 'java/lang/NoSuchMethodError'{0x00000000a64888d0}: 'void java.lang.invoke.DirectMethodHandle$Holder.invokeStatic(java.lang.Object, java.lang.Object)'> (0x00000000a64888d0) 
thrown [s\open\src\hotspot\share\interpreter\linkResolver.cpp, line 774]
Event: 1.436 Thread 0x000001bd4eaea800 Exception <a 'java/lang/NoSuchMethodError'{0x00000000a6326d58}: 'int java.lang.invoke.DirectMethodHandle$Holder.invokeInterface(java.lang.Object, java.lang.Object)'> (0x00000000a6326d58) 
thrown [s\open\src\hotspot\share\interpreter\linkResolver.cpp, line 774]
Event: 1.437 Thread 0x000001bd4eaea800 Exception <a 'java/lang/IncompatibleClassChangeError'{0x00000000a632a080}: Found class java.lang.Object, but interface was expected> (0x00000000a632a080) 
thrown [s\open\src\hotspot\share\interpreter\linkResolver.cpp, line 841]
Event: 1.552 Thread 0x000001bd4eaea800 Exception <a 'java/lang/NoSuchMethodError'{0x00000000a63f3fa8}: 'int java.lang.invoke.DirectMethodHandle$Holder.invokeSpecial(java.lang.Object, java.lang.Object, java.lang.Object)'> (0x00000000a63f3fa8) 
thrown [s\open\src\hotspot\share\interpreter\linkResolver.cpp, line 774]
Event: 1.648 Thread 0x000001bd4eaea800 Exception <a 'java/lang/NoSuchMethodError'{0x00000000a6147f68}: 'java.lang.Object java.lang.invoke.DirectMethodHandle$Holder.invokeStaticInit(java.lang.Object, java.lang.Object, java.lang.Object)'> (0x00000000a6147f68) 
thrown [s\open\src\hotspot\share\interpreter\linkResolver.cpp, line 774]
Event: 1.806 Thread 0x000001bd4eaea800 Exception <a 'java/lang/NoSuchMethodError'{0x00000000a5ecae28}: 'int java.lang.invoke.DirectMethodHandle$Holder.invokeSpecialIFC(java.lang.Object, java.lang.Object, java.lang.Object)'> (0x00000000a5ecae28) 
thrown [s\open\src\hotspot\share\interpreter\linkResolver.cpp, line 774]
Event: 1.885 Thread 0x000001bd4eaea800 Exception <a 'java/lang/NoSuchMethodError'{0x00000000a5d3d4b0}: 'java.lang.Object java.lang.invoke.DirectMethodHandle$Holder.invokeStaticInit(java.lang.Object, int, int, int, int)'> (0x00000000a5d3d4b0) 
thrown [s\open\src\hotspot\share\interpreter\linkResolver.cpp, line 774]
Event: 1.928 Thread 0x000001bd4eaea800 Exception <a 'java/lang/NoSuchMethodError'{0x00000000a5dfb168}: 'java.lang.Object java.lang.invoke.DirectMethodHandle$Holder.invokeStaticInit(java.lang.Object, java.lang.Object, int, int, int, int)'> (0x00000000a5dfb168) 
thrown [s\open\src\hotspot\share\interpreter\linkResolver.cpp, line 774]
Event: 1.968 Thread 0x000001bd4eaea800 Exception <a 'java/lang/ClassNotFoundException'{0x00000000a5c18b00}: javax/management/remote/rmi/RMIServerImpl_Skel> (0x00000000a5c18b00) 
thrown [s\open\src\hotspot\share\classfile\systemDictionary.cpp, line 313]

ZGC Phase Switch (0 events):
No events

VM Operations (8 events):
Event: 0.573 Executing VM operation: HandshakeAllThreads (Deoptimize)
Event: 0.574 Executing VM operation: HandshakeAllThreads (Deoptimize) done
Event: 1.574 Executing VM operation: Cleanup
Event: 1.574 Executing VM operation: Cleanup done
Event: 1.840 Executing VM operation: HandshakeAllThreads (Deoptimize)
Event: 1.840 Executing VM operation: HandshakeAllThreads (Deoptimize) done
Event: 1.963 Executing VM operation: HandshakeAllThreads (Deoptimize)
Event: 1.963 Executing VM operation: HandshakeAllThreads (Deoptimize) done

Events (14 events):
Event: 0.118 Thread 0x000001bd4eaea800 Thread added: 0x000001bd4eaea800
Event: 0.172 Thread 0x000001bd5e70af70 Thread added: 0x000001bd5e70af70
Event: 0.172 Thread 0x000001bd5e70bbd0 Thread added: 0x000001bd5e70bbd0
Event: 0.173 Thread 0x000001bd5e70dac0 Thread added: 0x000001bd5e70dac0
Event: 0.174 Thread 0x000001bd5e710de0 Thread added: 0x000001bd5e710de0
Event: 0.174 Thread 0x000001bd5e719850 Thread added: 0x000001bd5e719850
Event: 0.174 Thread 0x000001bd5e71b2c0 Thread added: 0x000001bd5e71b2c0
Event: 0.174 Thread 0x000001bd5e71f220 Thread added: 0x000001bd5e71f220
Event: 0.546 Thread 0x000001bd5e6d7760 Thread added: 0x000001bd5e6d7760
Event: 0.573 Thread 0x000001bd5e77d650 Thread added: 0x000001bd5e77d650
Event: 1.247 Thread 0x000001bd455cbfb0 Thread added: 0x000001bd455cbfb0
Event: 1.248 Thread 0x000001bd455cc620 Thread added: 0x000001bd455cc620
Event: 1.718 Thread 0x000001bd4572d3f0 Thread added: 0x000001bd4572d3f0
Event: 1.987 Thread 0x000001bd45808a00 Thread added: 0x000001bd45808a00


Dynamic libraries:
0x00007ff7dfe50000 - 0x00007ff7dfe60000 	C:\Program Files\Java\jdk-22\bin\java.exe
0x00007ffe15e50000 - 0x00007ffe16066000 	C:\WINDOWS\SYSTEM32\ntdll.dll
0x00007ffe141f0000 - 0x00007ffe142b4000 	C:\WINDOWS\System32\KERNEL32.DLL
0x00007ffe13290000 - 0x00007ffe13637000 	C:\WINDOWS\System32\KERNELBASE.dll
0x00007ffe138a0000 - 0x00007ffe139b1000 	C:\WINDOWS\System32\ucrtbase.dll
0x00007ffdfad90000 - 0x00007ffdfada7000 	C:\Program Files\Java\jdk-22\bin\jli.dll
0x00007ffe15d50000 - 0x00007ffe15e02000 	C:\WINDOWS\System32\ADVAPI32.dll
0x00007ffe14650000 - 0x00007ffe146f7000 	C:\WINDOWS\System32\msvcrt.dll
0x00007ffe13be0000 - 0x00007ffe13c88000 	C:\WINDOWS\System32\sechost.dll
0x00007ffe131e0000 - 0x00007ffe13208000 	C:\WINDOWS\System32\bcrypt.dll
0x00007ffe159c0000 - 0x00007ffe15ad5000 	C:\WINDOWS\System32\RPCRT4.dll
0x00007ffe13da0000 - 0x00007ffe13f4e000 	C:\WINDOWS\System32\USER32.dll
0x00007ffdfc2c0000 - 0x00007ffdfc2db000 	C:\Program Files\Java\jdk-22\bin\VCRUNTIME140.dll
0x00007ffe001c0000 - 0x00007ffe00453000 	C:\WINDOWS\WinSxS\amd64_microsoft.windows.common-controls_6595b64144ccf1df_6.0.22621.3235_none_270f74e173860f98\COMCTL32.dll
0x00007ffe13640000 - 0x00007ffe13666000 	C:\WINDOWS\System32\win32u.dll
0x00007ffe141c0000 - 0x00007ffe141e9000 	C:\WINDOWS\System32\GDI32.dll
0x00007ffe13a60000 - 0x00007ffe13b79000 	C:\WINDOWS\System32\gdi32full.dll
0x00007ffe139c0000 - 0x00007ffe13a5a000 	C:\WINDOWS\System32\msvcp_win.dll
0x00007ffe0a630000 - 0x00007ffe0a63a000 	C:\WINDOWS\SYSTEM32\VERSION.dll
0x00007ffe15980000 - 0x00007ffe159b1000 	C:\WINDOWS\System32\IMM32.DLL
0x00007ffe0ce00000 - 0x00007ffe0ce0c000 	C:\Program Files\Java\jdk-22\bin\vcruntime140_1.dll
0x00007ffdeea20000 - 0x00007ffdeeaae000 	C:\Program Files\Java\jdk-22\bin\msvcp140.dll
0x00007ffdb5d10000 - 0x00007ffdb6a58000 	C:\Program Files\Java\jdk-22\bin\server\jvm.dll
0x00007ffe13f50000 - 0x00007ffe13fc1000 	C:\WINDOWS\System32\WS2_32.dll
0x00007ffe0b780000 - 0x00007ffe0b7b4000 	C:\WINDOWS\SYSTEM32\WINMM.dll
0x00007ffe129f0000 - 0x00007ffe12a3d000 	C:\WINDOWS\SYSTEM32\POWRPROF.dll
0x00007ffe129d0000 - 0x00007ffe129e3000 	C:\WINDOWS\SYSTEM32\UMPDC.dll
0x00007ffe121b0000 - 0x00007ffe121c8000 	C:\WINDOWS\SYSTEM32\kernel.appcore.dll
0x00007ffdfc0f0000 - 0x00007ffdfc0fa000 	C:\Program Files\Java\jdk-22\bin\jimage.dll
0x00007ffe08e40000 - 0x00007ffe09073000 	C:\WINDOWS\SYSTEM32\DBGHELP.DLL
0x00007ffe142c0000 - 0x00007ffe14648000 	C:\WINDOWS\System32\combase.dll
0x00007ffe13fd0000 - 0x00007ffe140a7000 	C:\WINDOWS\System32\OLEAUT32.dll
0x00007ffdf8e90000 - 0x00007ffdf8ec2000 	C:\WINDOWS\SYSTEM32\dbgcore.DLL
0x00007ffe13210000 - 0x00007ffe13289000 	C:\WINDOWS\System32\bcryptPrimitives.dll
0x00007ffdfad80000 - 0x00007ffdfad8f000 	C:\Program Files\Java\jdk-22\bin\instrument.dll
0x00007ffdf5e40000 - 0x00007ffdf5e5e000 	C:\Program Files\Java\jdk-22\bin\java.dll
0x00007ffe15120000 - 0x00007ffe1597c000 	C:\WINDOWS\System32\SHELL32.dll
0x00007ffe14e10000 - 0x00007ffe14fb5000 	C:\WINDOWS\System32\ole32.dll
0x00007ffe110d0000 - 0x00007ffe119c9000 	C:\WINDOWS\SYSTEM32\windows.storage.dll
0x00007ffe10f90000 - 0x00007ffe110ce000 	C:\WINDOWS\SYSTEM32\wintypes.dll
0x00007ffe15ae0000 - 0x00007ffe15bd3000 	C:\WINDOWS\System32\SHCORE.dll
0x00007ffe13b80000 - 0x00007ffe13bde000 	C:\WINDOWS\System32\shlwapi.dll
0x00007ffe130a0000 - 0x00007ffe130c1000 	C:\WINDOWS\SYSTEM32\profapi.dll
0x00007ffdf31d0000 - 0x00007ffdf31e7000 	C:\Program Files\Java\jdk-22\bin\zip.dll
0x00007ffdf31c0000 - 0x00007ffdf31d0000 	C:\Program Files\Java\jdk-22\bin\net.dll
0x00007ffe12620000 - 0x00007ffe12689000 	C:\WINDOWS\system32\mswsock.dll
0x00007ffdf1eb0000 - 0x00007ffdf1ec6000 	C:\Program Files\Java\jdk-22\bin\nio.dll
0x00007ffdf1e90000 - 0x00007ffdf1eaa000 	C:\Program Files\JetBrains\IntelliJ IDEA 2023.3.2\bin\breakgen64.dll
0x00007ffe11ca0000 - 0x00007ffe11d99000 	C:\WINDOWS\SYSTEM32\DNSAPI.dll
0x00007ffe11c30000 - 0x00007ffe11c5d000 	C:\WINDOWS\SYSTEM32\IPHLPAPI.DLL
0x00007ffe14740000 - 0x00007ffe14749000 	C:\WINDOWS\System32\NSI.dll
0x00007ffe0a700000 - 0x00007ffe0a70a000 	C:\Windows\System32\rasadhlp.dll
0x00007ffdf1e80000 - 0x00007ffdf1e89000 	C:\Program Files\Java\jdk-22\bin\extnet.dll
0x00007ffe0a740000 - 0x00007ffe0a7c3000 	C:\WINDOWS\System32\fwpuclnt.dll
0x00007ffdf1e70000 - 0x00007ffdf1e7a000 	C:\Program Files\Java\jdk-22\bin\management.dll
0x00007ffdf1430000 - 0x00007ffdf143b000 	C:\Program Files\Java\jdk-22\bin\management_ext.dll
0x00007ffe15ce0000 - 0x00007ffe15ce8000 	C:\WINDOWS\System32\PSAPI.DLL
0x00007ffe128f0000 - 0x00007ffe1290b000 	C:\WINDOWS\SYSTEM32\CRYPTSP.dll
0x00007ffe12110000 - 0x00007ffe12145000 	C:\WINDOWS\system32\rsaenh.dll
0x00007ffe12720000 - 0x00007ffe12748000 	C:\WINDOWS\SYSTEM32\USERENV.dll
0x00007ffe12910000 - 0x00007ffe1291c000 	C:\WINDOWS\SYSTEM32\CRYPTBASE.dll
0x00007ffe0bcd0000 - 0x00007ffe0bce7000 	C:\WINDOWS\system32\napinsp.dll
0x00007ffdf2f40000 - 0x00007ffdf2f5b000 	C:\WINDOWS\system32\pnrpnsp.dll
0x00007ffdce050000 - 0x00007ffdce061000 	C:\WINDOWS\System32\winrnr.dll
0x00007ffdce020000 - 0x00007ffdce041000 	C:\WINDOWS\system32\nlansp_c.dll

dbghelp: loaded successfully - version: 4.0.5 - missing functions: none
symbol engine: initialized successfully - sym options: 0x614 - pdb path: .;C:\Program Files\Java\jdk-22\bin;C:\WINDOWS\SYSTEM32;C:\WINDOWS\WinSxS\amd64_microsoft.windows.common-controls_6595b64144ccf1df_6.0.22621.3235_none_270f74e173860f98;C:\Program Files\Java\jdk-22\bin\server;C:\Program Files\JetBrains\IntelliJ IDEA 2023.3.2\bin

VM Arguments:
jvm_args: -XX:TieredStopAtLevel=1 -Dspring.output.ansi.enabled=always -Dcom.sun.management.jmxremote -Dspring.jmx.enabled=true -Dspring.liveBeansView.mbeanDomain -Dspring.application.admin.enabled=true -Dmanagement.endpoints.jmx.exposure.include=* -javaagent:C:\Program Files\JetBrains\IntelliJ IDEA 2023.3.2\lib\idea_rt.jar=52665:C:\Program Files\JetBrains\IntelliJ IDEA 2023.3.2\bin -Dfile.encoding=UTF-8 -Dsun.stdout.encoding=UTF-8 -Dsun.stderr.encoding=UTF-8 
java_command: tn.vermeg.vermegapplication.VermegApplication
java_class_path (initial): C:\Users\Asus\Desktop\VermegApplication\target\classes;C:\Users\Asus\.m2\repository\org\springframework\boot\spring-boot-starter-data-jdbc\3.2.4\spring-boot-starter-data-jdbc-3.2.4.jar;C:\Users\Asus\.m2\repository\org\springframework\data\spring-data-jdbc\3.2.4\spring-data-jdbc-3.2.4.jar;C:\Users\Asus\.m2\repository\org\springframework\data\spring-data-relational\3.2.4\spring-data-relational-3.2.4.jar;C:\Users\Asus\.m2\repository\com\github\jsqlparser\jsqlparser\4.6\jsqlparser-4.6.jar;C:\Users\Asus\.m2\repository\org\springframework\data\spring-data-commons\3.2.4\spring-data-commons-3.2.4.jar;C:\Users\Asus\.m2\repository\org\springframework\spring-tx\6.1.5\spring-tx-6.1.5.jar;C:\Users\Asus\.m2\repository\org\springframework\spring-context\6.1.5\spring-context-6.1.5.jar;C:\Users\Asus\.m2\repository\org\springframework\spring-beans\6.1.5\spring-beans-6.1.5.jar;C:\Users\Asus\.m2\repository\org\slf4j\slf4j-api\2.0.12\slf4j-api-2.0.12.jar;C:\Users\Asus\.m2\repository\org\springframework\boot\spring-boot-starter-data-jpa\3.2.4\spring-boot-starter-data-jpa-3.2.4.jar;C:\Users\Asus\.m2\repository\org\springframework\boot\spring-boot-starter-aop\3.2.4\spring-boot-starter-aop-3.2.4.jar;C:\Users\Asus\.m2\repository\org\aspectj\aspectjweaver\1.9.21\aspectjweaver-1.9.21.jar;C:\Users\Asus\.m2\repository\org\hibernate\orm\hibernate-core\6.4.4.Final\hibernate-core-6.4.4.Final.jar;C:\Users\Asus\.m2\repository\jakarta\persistence\jakarta.persistence-api\3.1.0\jakarta.persistence-api-3.1.0.jar;C:\Users\Asus\.m2\repository\jakarta\transaction\jakarta.transaction-api\2.0.1\jakarta.transaction-api-2.0.1.jar;C:\Users\Asus\.m2\repository\org\jboss\logging\jboss-logging\3.5.3.Final\jboss-logging-3.5.3.Final.jar;C:\Users\Asus\.m2\repository\org\hibernate\common\hibernate-commons-annotations\6.0.6.Final\hibernate-commons-annotations-6.0.6.Final.jar;C:\Users\Asus\.m2\repository\io\smallrye\jandex\3.1.2\jandex-3.1.2.jar;C:\Users\Asus\.m2\repository\com\fasterxml\classmate\1.6.0\classmate-1.6.0.jar;C:\Users\Asus\.m2\repository\net\bytebuddy\byte-buddy\1.14.12\byte-buddy-1.14.12.jar;C:\Users\Asus\.m2\repository\org\glassfish\jaxb\jaxb-runtime\4.0.5\jaxb-runtime-4.0.5.jar;C:\Users\Asus\.m2\repository\org\glassfish\jaxb\jaxb-core\4.0.5\jaxb-core-4.0.5.jar;C:\Users\Asus\.m2\repository\org\glassfish\jaxb\txw2\4.0.5\txw2-4.0.5.jar;C:\Users\Asus\.m2\repository\com\sun\istack\istack-commons-runtime\4.1.2\istack-commons-runtime-4.1.2.jar;C:\Users\Asus\.m2\repository\jakarta\inject\jakarta.inject-api\2.0.1\jakarta.inject-api-2.0.1.jar;C:\Users\Asus\.m2\repository\org\antlr\antlr4-runtime\4.13.0\antlr4-runtime-4.13.0.jar;C:\Users\Asus\.m2\repository\org\springframework\data\spring-data-jpa\3.2.4\spring-data-jpa-3.2.4.jar;C:\Users\Asus\.m2\repository\org\springframework\spring-orm\6.1.5\spring-orm-6.1.5.jar;C:\Users\Asus\.m2\repository\jakarta\annotation\jakarta.annotation-api\2.1.1\jakarta.annotation-api-2.1.1.jar;C:\Users\Asus\.m2\repository\org\springframework\spring-aspects\6.1.5\spring-aspects-6.1.5.jar;C:\Users\Asus\.m2\repository\org\springframework\boot\spring-boot-starter-jdbc\3.2.4\spring-boot-starter-jdbc-3.2.4.jar;C:\Users\Asus\.m2\repository\org\springframework\boot\spring-boot-starter\3.2.4\spring-boot-starter-3.2.4.jar;C:\Users\Asus\.m2\repository\org\springframework\boot\spring-boot\3.2.4\spring-boot-3.2.4.jar;C:\Users\Asus\.m2\repository\org\springframework\boot\spring-boot-autoconfigure\3.2.4\spring-boot-autoconfigure-3.2.4.jar;C:\Users\Asus\.m2\repository\org\springframework\boot\spring-boot-starter-logging\3.2.4\spring-boot-starter-logging-3.2.4.jar;C:\Users\Asus\.m2\repository\ch\qos\logback\logback-classic\1.4.14\logback-classic-1.4.14.jar;C:\Users\Asus\.m2\repository\ch\qos\logback\logback-core\1.4.14\logback-core-1.4.14.jar;C:\Users\Asus\.m2\repository\org\apache\logging\log4j\log4j-to-slf4j\2.21.1\log4j-to-slf4j-2.21.1.jar;C:\Users\Asus\.m2\repository\org\apache\logging\log4j\log4j-api\2.21.1\log4j-api-2.21.1.jar;C:\Users\Asus\.m2\repository\org\slf4j\jul-to-slf4j\2.0.12\jul-to-slf4j-2.0.12.jar;C:\Users\Asus\.m2\repository\org\yaml\snakeyaml\2.2\snakeyaml-2.2.jar;C:\Users\Asus\.m2\repository\com\zaxxer\HikariCP\5.0.1\HikariCP-5.0.1.jar;C:\Users\Asus\.m2\repository\org\springframework\spring-jdbc\6.1.5\spring-jdbc-6.1.5.jar;C:\Users\Asus\.m2\repository\org\springframework\boot\spring-boot-starter-mail\3.2.4\spring-boot-starter-mail-3.2.4.jar;C:\Users\Asus\.m2\repository\org\springframework\spring-context-support\6.1.5\spring-context-support-6.1.5.jar;C:\Users\Asus\.m2\repository\org\eclipse\angus\jakarta.mail\2.0.3\jakarta.mail-2.0.3.jar;C:\Users\Asus\.m2\repository\jakarta\activation\jakarta.activation-api\2.1.3\jakarta.activation-api-2.1.3.jar;C:\Users\Asus\.m2\repository\org\eclipse\angus\angus-activation\2.0.2\angus-activation-2.0.2.jar;C:\Users\Asus\.m2\repository\org\springframework\boot\spring-boot-starter-security\3.2.4\spring-boot-starter-security-3.2.4.jar;C:\Users\Asus\.m2\repository\org\springframework\spring-aop\6.1.5\spring-aop-6.1.5.jar;C:\Users\Asus\.m2\repository\org\springframework\security\spring-security-config\6.2.3\spring-security-config-6.2.3.jar;C:\Users\Asus\.m2\repository\org\springframework\security\spring-security-web\6.2.3\spring-security-web-6.2.3.jar;C:\Users\Asus\.m2\repository\org\springframework\spring-expression\6.1.5\spring-expression-6.1.5.jar;C:\Users\Asus\.m2\repository\org\springframework\boot\spring-boot-starter-web\3.2.4\spring-boot-starter-web-3.2.4.jar;C:\Users\Asus\.m2\repository\org\springframework\boot\spring-boot-starter-json\3.2.4\spring-boot-starter-json-3.2.4.jar;C:\Users\Asus\.m2\repository\com\fasterxml\jackson\datatype\jackson-datatype-jdk8\2.15.4\jackson-datatype-jdk8-2.15.4.jar;C:\Users\Asus\.m2\repository\com\fasterxml\jackson\datatype\jackson-datatype-jsr310\2.15.4\jackson-datatype-jsr310-2.15.4.jar;C:\Users\Asus\.m2\repository\com\fasterxml\jackson\module\jackson-module-parameter-names\2.15.4\jackson-module-parameter-names-2.15.4.jar;C:\Users\Asus\.m2\repository\org\springframework\boot\spring-boot-starter-tomcat\3.2.4\spring-boot-starter-tomcat-3.2.4.jar;C:\Users\Asus\.m2\repository\org\apache\tomcat\embed\tomcat-embed-core\10.1.19\tomcat-embed-core-10.1.19.jar;C:\Users\Asus\.m2\repository\org\apache\tomcat\embed\tomcat-embed-el\10.1.19\tomcat-embed-el-10.1.19.jar;C:\Users\Asus\.m2\repository\org\apache\tomcat\embed\tomcat-embed-websocket\10.1.19\tomcat-embed-websocket-10.1.19.jar;C:\Users\Asus\.m2\repository\org\springframework\spring-web\6.1.5\spring-web-6.1.5.jar;C:\Users\Asus\.m2\repository\io\micrometer\micrometer-observation\1.12.4\micrometer-observation-1.12.4.jar;C:\Users\Asus\.m2\repository\io\micrometer\micrometer-commons\1.12.4\micrometer-commons-1.12.4.jar;C:\Users\Asus\.m2\repository\org\springframework\spring-webmvc\6.1.5\spring-webmvc-6.1.5.jar;C:\Users\Asus\.m2\repository\com\mysql\mysql-connector-j\8.0.33\mysql-connector-j-8.0.33.jar;C:\Users\Asus\.m2\repository\jakarta\xml\bind\jakarta.xml.bind-api\4.0.2\jakarta.xml.bind-api-4.0.2.jar;C:\Users\Asus\.m2\repository\org\springframework\spring-core\6.1.5\spring-core-6.1.5.jar;C:\Users\Asus\.m2\repository\org\springframework\spring-jcl\6.1.5\spring-jcl-6.1.5.jar;C:\Users\Asus\.m2\repository\org\springframework\security\spring-security-core\6.2.3\spring-security-core-6.2.3.jar;C:\Users\Asus\.m2\repository\org\springframework\security\spring-security-crypto\6.2.3\spring-security-crypto-6.2.3.jar;C:\Users\Asus\.m2\repository\io\jsonwebtoken\jjwt-api\0.11.2\jjwt-api-0.11.2.jar;C:\Users\Asus\.m2\repository\io\jsonwebtoken\jjwt-impl\0.11.2\jjwt-impl-0.11.2.jar;C:\Users\Asus\.m2\repository\io\jsonwebtoken\jjwt-jackson\0.11.2\jjwt-jackson-0.11.2.jar;C:\Users\Asus\.m2\repository\com\fasterxml\jackson\core\jackson-databind\2.15.4\jackson-databind-2.15.4.jar;C:\Users\Asus\.m2\repository\com\fasterxml\jackson\core\jackson-annotations\2.15.4\jackson-annotations-2.15.4.jar;C:\Users\Asus\.m2\repository\com\fasterxml\jackson\core\jackson-core\2.15.4\jackson-core-2.15.4.jar;C:\Users\Asus\.m2\repository\javax\annotation\javax.annotation-api\1.3.2\javax.annotation-api-1.3.2.jar
Launcher Type: SUN_STANDARD

[Global flags]
     intx CICompilerCount                          = 4                                         {product} {ergonomic}
     uint ConcGCThreads                            = 2                                         {product} {ergonomic}
     uint G1ConcRefinementThreads                  = 8                                         {product} {ergonomic}
   size_t G1HeapRegionSize                         = 1048576                                   {product} {ergonomic}
   size_t InitialHeapSize                          = 100663296                                 {product} {ergonomic}
     bool ManagementServer                         = true                                      {product} {command line}
   size_t MarkStackSize                            = 4194304                                   {product} {ergonomic}
   size_t MaxHeapSize                              = 1598029824                                {product} {ergonomic}
   size_t MaxNewSize                               = 958398464                                 {product} {ergonomic}
   size_t MinHeapDeltaBytes                        = 1048576                                   {product} {ergonomic}
   size_t MinHeapSize                              = 8388608                                   {product} {ergonomic}
    uintx NonNMethodCodeHeapSize                   = 4096                                   {pd product} {ergonomic}
    uintx NonProfiledCodeHeapSize                  = 0                                      {pd product} {ergonomic}
     bool ProfileInterpreter                       = false                                  {pd product} {command line}
    uintx ProfiledCodeHeapSize                     = 0                                      {pd product} {ergonomic}
   size_t SoftMaxHeapSize                          = 1598029824                             {manageable} {ergonomic}
     intx TieredStopAtLevel                        = 1                                         {product} {command line}
     bool UseCompressedOops                        = true                           {product lp64_product} {ergonomic}
     bool UseG1GC                                  = true                                      {product} {ergonomic}
     bool UseLargePagesIndividualAllocation        = false                                  {pd product} {ergonomic}

Logging:
Log output configuration:
 #0: stdout all=warning uptime,level,tags foldmultilines=false
 #1: stderr all=off uptime,level,tags foldmultilines=false

Environment Variables:
PATH=C:\Python312\Scripts\;C:\Python312\;C:\Program Files\Common Files\Oracle\Java\javapath;C:\Program Files (x86)\Common Files\Oracle\Java\javapath;C:\Windows\system32;C:\Windows;C:\Windows\System32\Wbem;C:\Windows\System32\WindowsPowerShell\v1.0\;C:\Windows\System32\OpenSSH\;C:\Program Files (x86)\NVIDIA Corporation\PhysX\Common;C:\WINDOWS\system32;C:\WINDOWS;C:\WINDOWS\System32\Wbem;C:\WINDOWS\System32\WindowsPowerShell\v1.0\;C:\WINDOWS\System32\OpenSSH\;C:\Program Files\dotnet\;C:\Program Files\Git\cmd;C:\Program Files\nodejs\;C:\ProgramData\chocolatey\bin\choco.exe\bin;C:\Users\Asus\AppData\Local\Programs\Python\Python37\Scripts\;C:\Users\Asus\AppData\Local\Programs\Python\Python37\;C:\Users\Asus\AppData\Local\Microsoft\WindowsApps;C:\Users\Asus\AppData\Local\Programs\Microsoft VS Code\bin;C:\Users\Asus\.dotnet\tools;C:\Program Files\Elastic\Beats\8.12.2;C:\Program Files\JetBrains\IntelliJ IDEA 2023.3.2\bin;;C:\Users\Asus\AppData\Roaming\npm;C:\Users\Asus\Desktop\elk\logstash-8.12.2-windows-x86_64\logstash-8.12.2\bin;C:\Users\Asus\Desktop\elk\logstash-8.12.2;
USERNAME=Asus
OS=Windows_NT
PROCESSOR_IDENTIFIER=AMD64 Family 23 Model 24 Stepping 1, AuthenticAMD
TMP=C:\Users\Asus\AppData\Local\Temp
TEMP=C:\Users\Asus\AppData\Local\Temp




Periodic native trim disabled

---------------  S Y S T E M  ---------------

OS:
 Windows 11 , 64 bit Build 22621 (10.0.22621.3374)
OS uptime: 4 days 22:06 hours

CPU: total 8 (initial active 8) (8 cores per cpu, 2 threads per core) family 23 model 24 stepping 1 microcode 0x0, cx8, cmov, fxsr, ht, mmx, 3dnowpref, sse, sse2, sse3, ssse3, sse4a, sse4.1, sse4.2, popcnt, lzcnt, tsc, tscinvbit, avx, avx2, aes, clmul, bmi1, bmi2, adx, sha, fma, vzeroupper, clflush, clflushopt, rdtscp, f16c
Processor Information for all 8 processors :
  Max Mhz: 2100, Current Mhz: 2100, Mhz Limit: 2100

Memory: 4k page, system-wide physical 6091M (346M free)
TotalPageFile size 14283M (AvailPageFile size 5M)
current process WorkingSet (physical memory assigned to process): 59M, peak: 59M
current process commit charge ("private bytes"): 183M, peak: 183M

vm_info: Java HotSpot(TM) 64-Bit Server VM (22+36-2370) for windows-amd64 JRE (22+36-2370), built on 2024-02-15T22:15:19Z by "mach5one" with MS VC++ 17.6 (VS2022)

END.
